#
# There is insufficient memory for the Java Runtime Environment to continue.
# Native memory allocation (malloc) failed to allocate 519040 bytes for Chunk::new
# Possible reasons:
#   The system is out of physical RAM or swap space
#   The process is running with CompressedOops enabled, and the Java Heap may be blocking the growth of the native heap
# Possible solutions:
#   Reduce memory load on the system
#   Increase physical memory or swap space
#   Check if swap backing store is full
#   Decrease Java heap size (-Xmx/-Xms)
#   Decrease number of Java threads
#   Decrease Java thread stack sizes (-Xss)
#   Set larger code cache with -XX:ReservedCodeCacheSize=
#   JVM is running with Unscaled Compressed Oops mode in which the Java heap is
#     placed in the first 4GB address space. The Java Heap base address is the
#     maximum limit for the native heap growth. Please use -XX:HeapBaseMinAddress
#     to set the Java Heap base and to place the Java Heap above 4GB virtual address.
# This output file may be truncated or incomplete.
#
#  Out of Memory Error (arena.cpp:184), pid=8256, tid=26524
#
# JRE version: Java(TM) SE Runtime Environment (20.0.1+9) (build 20.0.1+9-29)
# Java VM: Java HotSpot(TM) 64-Bit Server VM (20.0.1+9-29, mixed mode, sharing, tiered, compressed oops, compressed class ptrs, g1 gc, windows-amd64)
# No core dump will be written. Minidumps are not enabled by default on client versions of Windows
#

---------------  S U M M A R Y ------------

Command Line: -ea -Dfile.encoding=UTF-8 -Dstdout.encoding=UTF-8 -Dstderr.encoding=UTF-8 -XX:+ShowCodeDetailsInExceptionMessages org.testng.remote.RemoteTestNG -serport 53542 -protocol json -d C:\Users\N ANOOHYA\eclipse-workspace\MagicBricksBuy\test-output C:\Users\NANOOH~1\AppData\Local\Temp\testng-eclipse--1541578702\testng-customsuite.xml

Host: AMD Ryzen 5 5500U with Radeon Graphics         , 12 cores, 5G,  Windows 11 , 64 bit Build 22621 (10.0.22621.4391)
Time: Wed Nov 13 17:18:29 2024 India Standard Time elapsed time: 347.729511 seconds (0d 0h 5m 47s)

---------------  T H R E A D  ---------------

Current thread (0x000002673d508190):  JavaThread "C2 CompilerThread0" daemon [_thread_in_native, id=26524, stack(0x00000094e0000000,0x00000094e0100000)]


Current CompileTask:
C2: 347729 4652       4       java.net.URLStreamHandler::parseURL (1124 bytes)

Stack: [0x00000094e0000000,0x00000094e0100000]
Native frames: (J=compiled Java code, j=interpreted, Vv=VM code, C=native code)
V  [jvm.dll+0x6bb95a]
V  [jvm.dll+0x8485fa]
V  [jvm.dll+0x84a1f5]
V  [jvm.dll+0x84a8f3]
V  [jvm.dll+0x280b0f]
V  [jvm.dll+0xc2b11]
V  [jvm.dll+0xc2e35]
V  [jvm.dll+0x3bb17c]
V  [jvm.dll+0x1e6c43]
V  [jvm.dll+0x24b3ab]
V  [jvm.dll+0x24a651]
V  [jvm.dll+0x1ce491]
V  [jvm.dll+0x259e1b]
V  [jvm.dll+0x2584f0]
V  [jvm.dll+0x3f2895]
V  [jvm.dll+0x7f4b56]
V  [jvm.dll+0x6ba5cb]
C  [ucrtbase.dll+0x29333]
C  [KERNEL32.DLL+0x1259d]
C  [ntdll.dll+0x5af38]


---------------  P R O C E S S  ---------------

Threads class SMR info:
_java_thread_list=0x0000026741a8fe20, length=42, elements={
0x0000026721280d60, 0x000002673d4f7bb0, 0x000002673d4f8a50, 0x000002673d4fd0d0,
0x000002673d4ffb20, 0x000002673d501470, 0x000002673d501ee0, 0x000002673d508190,
0x000002673d512c60, 0x00000267418f2620, 0x0000026741903170, 0x000002674215e460,
0x000002674236f980, 0x00000267435e9d20, 0x000002674350f070, 0x000002674350e080,
0x000002674350e5d0, 0x0000026743b8ec40, 0x0000026743b8f6e0, 0x0000026743b8fc30,
0x0000026743b8e6f0, 0x0000026743b90180, 0x0000026743b8f190, 0x0000026743b89740,
0x0000026743b8a1e0, 0x0000026743b89c90, 0x0000026743b8c1c0, 0x0000026743b8c710,
0x0000026743b8cc60, 0x0000026743b906d0, 0x0000026743b891f0, 0x0000026743b8bc70,
0x000002674193c720, 0x000002674193cc70, 0x000002674193bc80, 0x00000267419416d0,
0x0000026741941180, 0x000002674193c1d0, 0x000002674193d710, 0x000002674193dc60,
0x000002674193e1b0, 0x0000026741941c20
}

Java Threads: ( => current thread )
  0x0000026721280d60 JavaThread "main" [_thread_in_Java, id=10924, stack(0x00000094df300000,0x00000094df400000)]
  0x000002673d4f7bb0 JavaThread "Reference Handler" daemon [_thread_blocked, id=25288, stack(0x00000094dfa00000,0x00000094dfb00000)]
  0x000002673d4f8a50 JavaThread "Finalizer" daemon [_thread_blocked, id=26136, stack(0x00000094dfb00000,0x00000094dfc00000)]
  0x000002673d4fd0d0 JavaThread "Signal Dispatcher" daemon [_thread_blocked, id=9256, stack(0x00000094dfc00000,0x00000094dfd00000)]
  0x000002673d4ffb20 JavaThread "Attach Listener" daemon [_thread_blocked, id=9676, stack(0x00000094dfd00000,0x00000094dfe00000)]
  0x000002673d501470 JavaThread "Service Thread" daemon [_thread_blocked, id=7080, stack(0x00000094dfe00000,0x00000094dff00000)]
  0x000002673d501ee0 JavaThread "Monitor Deflation Thread" daemon [_thread_blocked, id=16456, stack(0x00000094dff00000,0x00000094e0000000)]
=>0x000002673d508190 JavaThread "C2 CompilerThread0" daemon [_thread_in_native, id=26524, stack(0x00000094e0000000,0x00000094e0100000)]
  0x000002673d512c60 JavaThread "C1 CompilerThread0" daemon [_thread_blocked, id=22140, stack(0x00000094e0100000,0x00000094e0200000)]
  0x00000267418f2620 JavaThread "Notification Thread" daemon [_thread_blocked, id=8300, stack(0x00000094e0200000,0x00000094e0300000)]
  0x0000026741903170 JavaThread "Common-Cleaner" daemon [_thread_blocked, id=26472, stack(0x00000094e0400000,0x00000094e0500000)]
  0x000002674215e460 JavaThread "ReaderThread" [_thread_in_native, id=19748, stack(0x00000094e0700000,0x00000094e0800000)]
  0x000002674236f980 JavaThread "ForkJoinPool.commonPool-worker-1" daemon [_thread_blocked, id=26504, stack(0x00000094e0d00000,0x00000094e0e00000)]
  0x00000267435e9d20 JavaThread "HttpClient-1-SelectorManager" daemon [_thread_in_native, id=20224, stack(0x00000094e1200000,0x00000094e1300000)]
  0x000002674350f070 JavaThread "External Process Output Forwarder - C:\Users\N ANOOHYA\.cache\selenium\geckodriver\win64\0.35.0\geckodriver.exe" [_thread_in_native, id=19864, stack(0x00000094e1300000,0x00000094e1400000)]
  0x000002674350e080 JavaThread "Driver Service Executor" daemon [_thread_blocked, id=16612, stack(0x00000094e1400000,0x00000094e1500000)]
  0x000002674350e5d0 JavaThread "Driver Service Executor" daemon [_thread_blocked, id=4744, stack(0x00000094e1500000,0x00000094e1600000)]
  0x0000026743b8ec40 JavaThread "External Process Output Forwarder - C:\Users\N ANOOHYA\.cache\selenium\geckodriver\win64\0.35.0\geckodriver.exe" [_thread_in_native, id=20072, stack(0x00000094df100000,0x00000094df200000)]
  0x0000026743b8f6e0 JavaThread "Driver Service Executor" daemon [_thread_blocked, id=2648, stack(0x00000094df200000,0x00000094df300000)]
  0x0000026743b8fc30 JavaThread "Driver Service Executor" daemon [_thread_blocked, id=12428, stack(0x00000094e1c00000,0x00000094e1d00000)]
  0x0000026743b8e6f0 JavaThread "External Process Output Forwarder - C:\Users\N ANOOHYA\.cache\selenium\geckodriver\win64\0.35.0\geckodriver.exe" [_thread_in_native, id=28424, stack(0x00000094e2100000,0x00000094e2200000)]
  0x0000026743b90180 JavaThread "Driver Service Executor" daemon [_thread_blocked, id=28436, stack(0x00000094e2200000,0x00000094e2300000)]
  0x0000026743b8f190 JavaThread "Driver Service Executor" daemon [_thread_blocked, id=28392, stack(0x00000094e2300000,0x00000094e2400000)]
  0x0000026743b89740 JavaThread "External Process Output Forwarder - C:\Users\N ANOOHYA\.cache\selenium\geckodriver\win64\0.35.0\geckodriver.exe" [_thread_in_native, id=25004, stack(0x00000094e0e00000,0x00000094e0f00000)]
  0x0000026743b8a1e0 JavaThread "Driver Service Executor" daemon [_thread_blocked, id=26904, stack(0x00000094e1800000,0x00000094e1900000)]
  0x0000026743b89c90 JavaThread "Driver Service Executor" daemon [_thread_blocked, id=26900, stack(0x00000094e1900000,0x00000094e1a00000)]
  0x0000026743b8c1c0 JavaThread "External Process Output Forwarder - C:\Users\N ANOOHYA\.cache\selenium\geckodriver\win64\0.35.0\geckodriver.exe" [_thread_in_native, id=30892, stack(0x00000094e1f00000,0x00000094e2000000)]
  0x0000026743b8c710 JavaThread "Driver Service Executor" daemon [_thread_blocked, id=30900, stack(0x00000094e2700000,0x00000094e2800000)]
  0x0000026743b8cc60 JavaThread "Driver Service Executor" daemon [_thread_blocked, id=30904, stack(0x00000094e2800000,0x00000094e2900000)]
  0x0000026743b906d0 JavaThread "External Process Output Forwarder - C:\Users\N ANOOHYA\.cache\selenium\geckodriver\win64\0.35.0\geckodriver.exe" [_thread_in_native, id=32556, stack(0x00000094e2500000,0x00000094e2600000)]
  0x0000026743b891f0 JavaThread "Driver Service Executor" daemon [_thread_blocked, id=32056, stack(0x00000094e2600000,0x00000094e2700000)]
  0x0000026743b8bc70 JavaThread "Driver Service Executor" daemon [_thread_blocked, id=27508, stack(0x00000094e2c00000,0x00000094e2d00000)]
  0x000002674193c720 JavaThread "pool-6-thread-1" [_thread_blocked, id=30640, stack(0x00000094e2d00000,0x00000094e2e00000)]
  0x000002674193cc70 JavaThread "pool-6-thread-2" [_thread_blocked, id=32648, stack(0x00000094e2e00000,0x00000094e2f00000)]
  0x000002674193bc80 JavaThread "pool-6-thread-3" [_thread_blocked, id=15184, stack(0x00000094e2f00000,0x00000094e3000000)]
  0x00000267419416d0 JavaThread "HttpClient-7-SelectorManager" daemon [_thread_in_native, id=34584, stack(0x00000094e1a00000,0x00000094e1b00000)]
  0x0000026741941180 JavaThread "External Process Output Forwarder - C:\Users\N ANOOHYA\.cache\selenium\geckodriver\win64\0.35.0\geckodriver.exe" [_thread_in_native, id=34596, stack(0x00000094e1b00000,0x00000094e1c00000)]
  0x000002674193c1d0 JavaThread "Driver Service Executor" daemon [_thread_blocked, id=34604, stack(0x00000094e1d00000,0x00000094e1e00000)]
  0x000002674193d710 JavaThread "Driver Service Executor" daemon [_thread_blocked, id=34608, stack(0x00000094e3000000,0x00000094e3100000)]
  0x000002674193dc60 JavaThread "pool-7-thread-1" [_thread_blocked, id=34660, stack(0x00000094e3100000,0x00000094e3200000)]
  0x000002674193e1b0 JavaThread "pool-7-thread-2" [_thread_blocked, id=34664, stack(0x00000094e3200000,0x00000094e3300000)]
  0x0000026741941c20 JavaThread "pool-7-thread-3" [_thread_blocked, id=32456, stack(0x00000094e3300000,0x00000094e3400000)]

Other Threads:
  0x000002673d4dc470 VMThread "VM Thread" [stack: 0x00000094df900000,0x00000094dfa00000] [id=19052]
  0x00000267418f5bc0 WatcherThread "VM Periodic Task Thread" [stack: 0x00000094e0300000,0x00000094e0400000] [id=8472]
  0x00000267212d0b20 WorkerThread "GC Thread#0" [stack: 0x00000094df400000,0x00000094df500000] [id=16084]
  0x00000267427afc50 WorkerThread "GC Thread#1" [stack: 0x00000094e0500000,0x00000094e0600000] [id=22384]
  0x000002674239f0b0 WorkerThread "GC Thread#2" [stack: 0x00000094e0800000,0x00000094e0900000] [id=25496]
  0x000002674239e570 WorkerThread "GC Thread#3" [stack: 0x00000094e0900000,0x00000094e0a00000] [id=6604]
  0x000002674239ede0 WorkerThread "GC Thread#4" [stack: 0x00000094e0a00000,0x00000094e0b00000] [id=25164]
  0x000002674239e840 WorkerThread "GC Thread#5" [stack: 0x00000094e0b00000,0x00000094e0c00000] [id=24556]
  0x000002674239fbf0 WorkerThread "GC Thread#6" [stack: 0x00000094e0c00000,0x00000094e0d00000] [id=15272]
  0x000002674239f650 WorkerThread "GC Thread#7" [stack: 0x00000094e0f00000,0x00000094e1000000] [id=13168]
  0x0000026743637410 WorkerThread "GC Thread#8" [stack: 0x00000094e1000000,0x00000094e1100000] [id=20664]
  0x00000267436387c0 WorkerThread "GC Thread#9" [stack: 0x00000094e1100000,0x00000094e1200000] [id=19556]
  0x00000267212dd570 ConcurrentGCThread "G1 Main Marker" [stack: 0x00000094df500000,0x00000094df600000] [id=12904]
  0x00000267212ddfa0 WorkerThread "G1 Conc#0" [stack: 0x00000094df600000,0x00000094df700000] [id=17800]
  0x0000026743638a90 WorkerThread "G1 Conc#1" [stack: 0x00000094e1600000,0x00000094e1700000] [id=20204]
  0x0000026743639300 WorkerThread "G1 Conc#2" [stack: 0x00000094e1700000,0x00000094e1800000] [id=17516]
  0x000002672132e5b0 ConcurrentGCThread "G1 Refine#0" [stack: 0x00000094df700000,0x00000094df800000] [id=24204]
  0x000002673d396640 ConcurrentGCThread "G1 Service" [stack: 0x00000094df800000,0x00000094df900000] [id=16624]

Threads with active compile tasks:
C2 CompilerThread0   347782 4652       4       java.net.URLStreamHandler::parseURL (1124 bytes)

VM state: not at safepoint (normal execution)

VM Mutex/Monitor currently owned by a thread: None

Heap address: 0x00000000a2600000, size: 1498 MB, Compressed Oops mode: 32-bit

CDS archive(s) mapped at: [0x0000000800000000-0x0000000800c60000-0x0000000800c60000), size 12976128, SharedBaseAddress: 0x0000000800000000, ArchiveRelocationMode: 0.
Compressed class space mapped at: 0x0000000801000000-0x0000000841000000, reserved size: 1073741824
Narrow klass base: 0x0000000800000000, Narrow klass shift: 0, Narrow klass range: 0x100000000

GC Precious Log:
 CardTable entry size: 512
 Card Set container configuration: InlinePtr #cards 5 size 8 Array Of Cards #cards 12 size 40 Howl #buckets 4 coarsen threshold 1843 Howl Bitmap #cards 512 size 80 coarsen threshold 460 Card regions per heap region 1 cards per card region 2048
 CPUs: 12 total, 12 available
 Memory: 5989M
 Large Page Support: Disabled
 NUMA Support: Disabled
 Compressed Oops: Enabled (32-bit)
 Heap Region Size: 1M
 Heap Min Capacity: 8M
 Heap Initial Capacity: 94M
 Heap Max Capacity: 1498M
 Pre-touch: Disabled
 Parallel Workers: 10
 Concurrent Workers: 3
 Concurrent Refinement Workers: 10
 Periodic GC: Disabled

Heap:
 garbage-first heap   total 57344K, used 26652K [0x00000000a2600000, 0x0000000100000000)
  region size 1024K, 15 young (15360K), 2 survivors (2048K)
 Metaspace       used 29426K, committed 29888K, reserved 1114112K
  class space    used 3564K, committed 3776K, reserved 1048576K

Heap Regions: E=young(eden), S=young(survivor), O=old, HS=humongous(starts), HC=humongous(continues), CS=collection set, F=free, OA=open archive, CA=closed archive, TAMS=top-at-mark-start, PB=parsable bottom
|   0|0x00000000a2600000, 0x00000000a2700000, 0x00000000a2700000|100%| O|  |TAMS 0x00000000a2600000| PB 0x00000000a2600000| Untracked 
|   1|0x00000000a2700000, 0x00000000a2800000, 0x00000000a2800000|100%| O|  |TAMS 0x00000000a2700000| PB 0x00000000a2700000| Untracked 
|   2|0x00000000a2800000, 0x00000000a2900000, 0x00000000a2900000|100%| O|  |TAMS 0x00000000a2800000| PB 0x00000000a2800000| Untracked 
|   3|0x00000000a2900000, 0x00000000a2a00000, 0x00000000a2a00000|100%| O|  |TAMS 0x00000000a2900000| PB 0x00000000a2900000| Untracked 
|   4|0x00000000a2a00000, 0x00000000a2b00000, 0x00000000a2b00000|100%| O|  |TAMS 0x00000000a2a00000| PB 0x00000000a2a00000| Untracked 
|   5|0x00000000a2b00000, 0x00000000a2c00000, 0x00000000a2c00000|100%| O|  |TAMS 0x00000000a2b00000| PB 0x00000000a2b00000| Untracked 
|   6|0x00000000a2c00000, 0x00000000a2d00000, 0x00000000a2d00000|100%| O|  |TAMS 0x00000000a2c00000| PB 0x00000000a2c00000| Untracked 
|   7|0x00000000a2d00000, 0x00000000a2d00000, 0x00000000a2e00000|  0%| F|  |TAMS 0x00000000a2d00000| PB 0x00000000a2d00000| Untracked 
|   8|0x00000000a2e00000, 0x00000000a2e5a600, 0x00000000a2f00000| 35%| O|  |TAMS 0x00000000a2e00000| PB 0x00000000a2e00000| Untracked 
|   9|0x00000000a2f00000, 0x00000000a2f00000, 0x00000000a3000000|  0%| F|  |TAMS 0x00000000a2f00000| PB 0x00000000a2f00000| Untracked 
|  10|0x00000000a3000000, 0x00000000a3000000, 0x00000000a3100000|  0%| F|  |TAMS 0x00000000a3000000| PB 0x00000000a3000000| Untracked 
|  11|0x00000000a3100000, 0x00000000a3100000, 0x00000000a3200000|  0%| F|  |TAMS 0x00000000a3100000| PB 0x00000000a3100000| Untracked 
|  12|0x00000000a3200000, 0x00000000a3200000, 0x00000000a3300000|  0%| F|  |TAMS 0x00000000a3200000| PB 0x00000000a3200000| Untracked 
|  13|0x00000000a3300000, 0x00000000a3300000, 0x00000000a3400000|  0%| F|  |TAMS 0x00000000a3300000| PB 0x00000000a3300000| Untracked 
|  14|0x00000000a3400000, 0x00000000a3400000, 0x00000000a3500000|  0%| F|  |TAMS 0x00000000a3400000| PB 0x00000000a3400000| Untracked 
|  15|0x00000000a3500000, 0x00000000a3500000, 0x00000000a3600000|  0%| F|  |TAMS 0x00000000a3500000| PB 0x00000000a3500000| Untracked 
|  16|0x00000000a3600000, 0x00000000a3600000, 0x00000000a3700000|  0%| F|  |TAMS 0x00000000a3600000| PB 0x00000000a3600000| Untracked 
|  17|0x00000000a3700000, 0x00000000a3700000, 0x00000000a3800000|  0%| F|  |TAMS 0x00000000a3700000| PB 0x00000000a3700000| Untracked 
|  18|0x00000000a3800000, 0x00000000a3900000, 0x00000000a3900000|100%| O|  |TAMS 0x00000000a3800000| PB 0x00000000a3800000| Untracked 
|  19|0x00000000a3900000, 0x00000000a3900000, 0x00000000a3a00000|  0%| F|  |TAMS 0x00000000a3900000| PB 0x00000000a3900000| Untracked 
|  20|0x00000000a3a00000, 0x00000000a3a00000, 0x00000000a3b00000|  0%| F|  |TAMS 0x00000000a3a00000| PB 0x00000000a3a00000| Untracked 
|  21|0x00000000a3b00000, 0x00000000a3baca80, 0x00000000a3c00000| 67%| S|CS|TAMS 0x00000000a3b00000| PB 0x00000000a3b00000| Complete 
|  22|0x00000000a3c00000, 0x00000000a3d00000, 0x00000000a3d00000|100%| S|CS|TAMS 0x00000000a3c00000| PB 0x00000000a3c00000| Complete 
|  23|0x00000000a3d00000, 0x00000000a3d00000, 0x00000000a3e00000|  0%| F|  |TAMS 0x00000000a3d00000| PB 0x00000000a3d00000| Untracked 
|  24|0x00000000a3e00000, 0x00000000a3e00000, 0x00000000a3f00000|  0%| F|  |TAMS 0x00000000a3e00000| PB 0x00000000a3e00000| Untracked 
|  25|0x00000000a3f00000, 0x00000000a3f00000, 0x00000000a4000000|  0%| F|  |TAMS 0x00000000a3f00000| PB 0x00000000a3f00000| Untracked 
|  26|0x00000000a4000000, 0x00000000a4000000, 0x00000000a4100000|  0%| F|  |TAMS 0x00000000a4000000| PB 0x00000000a4000000| Untracked 
|  27|0x00000000a4100000, 0x00000000a4100000, 0x00000000a4200000|  0%| F|  |TAMS 0x00000000a4100000| PB 0x00000000a4100000| Untracked 
|  28|0x00000000a4200000, 0x00000000a4200000, 0x00000000a4300000|  0%| F|  |TAMS 0x00000000a4200000| PB 0x00000000a4200000| Untracked 
|  29|0x00000000a4300000, 0x00000000a4300000, 0x00000000a4400000|  0%| F|  |TAMS 0x00000000a4300000| PB 0x00000000a4300000| Untracked 
|  30|0x00000000a4400000, 0x00000000a4400000, 0x00000000a4500000|  0%| F|  |TAMS 0x00000000a4400000| PB 0x00000000a4400000| Untracked 
|  31|0x00000000a4500000, 0x00000000a4500000, 0x00000000a4600000|  0%| F|  |TAMS 0x00000000a4500000| PB 0x00000000a4500000| Untracked 
|  32|0x00000000a4600000, 0x00000000a4600000, 0x00000000a4700000|  0%| F|  |TAMS 0x00000000a4600000| PB 0x00000000a4600000| Untracked 
|  33|0x00000000a4700000, 0x00000000a4700000, 0x00000000a4800000|  0%| F|  |TAMS 0x00000000a4700000| PB 0x00000000a4700000| Untracked 
|  34|0x00000000a4800000, 0x00000000a4800000, 0x00000000a4900000|  0%| F|  |TAMS 0x00000000a4800000| PB 0x00000000a4800000| Untracked 
|  35|0x00000000a4900000, 0x00000000a4900000, 0x00000000a4a00000|  0%| F|  |TAMS 0x00000000a4900000| PB 0x00000000a4900000| Untracked 
|  36|0x00000000a4a00000, 0x00000000a4a00000, 0x00000000a4b00000|  0%| F|  |TAMS 0x00000000a4a00000| PB 0x00000000a4a00000| Untracked 
|  37|0x00000000a4b00000, 0x00000000a4b79668, 0x00000000a4c00000| 47%| E|  |TAMS 0x00000000a4b00000| PB 0x00000000a4b00000| Complete 
|  38|0x00000000a4c00000, 0x00000000a4d00000, 0x00000000a4d00000|100%| E|CS|TAMS 0x00000000a4c00000| PB 0x00000000a4c00000| Complete 
|  39|0x00000000a4d00000, 0x00000000a4e00000, 0x00000000a4e00000|100%| E|CS|TAMS 0x00000000a4d00000| PB 0x00000000a4d00000| Complete 
|  40|0x00000000a4e00000, 0x00000000a4f00000, 0x00000000a4f00000|100%| E|CS|TAMS 0x00000000a4e00000| PB 0x00000000a4e00000| Complete 
|  41|0x00000000a4f00000, 0x00000000a5000000, 0x00000000a5000000|100%| E|CS|TAMS 0x00000000a4f00000| PB 0x00000000a4f00000| Complete 
|  42|0x00000000a5000000, 0x00000000a5100000, 0x00000000a5100000|100%| E|CS|TAMS 0x00000000a5000000| PB 0x00000000a5000000| Complete 
|  43|0x00000000a5100000, 0x00000000a5200000, 0x00000000a5200000|100%| E|CS|TAMS 0x00000000a5100000| PB 0x00000000a5100000| Complete 
|  66|0x00000000a6800000, 0x00000000a6900000, 0x00000000a6900000|100%| E|  |TAMS 0x00000000a6800000| PB 0x00000000a6800000| Complete 
|  67|0x00000000a6900000, 0x00000000a6a00000, 0x00000000a6a00000|100%| E|CS|TAMS 0x00000000a6900000| PB 0x00000000a6900000| Complete 
|  68|0x00000000a6a00000, 0x00000000a6b00000, 0x00000000a6b00000|100%| E|CS|TAMS 0x00000000a6a00000| PB 0x00000000a6a00000| Complete 
|  69|0x00000000a6b00000, 0x00000000a6c00000, 0x00000000a6c00000|100%| E|CS|TAMS 0x00000000a6b00000| PB 0x00000000a6b00000| Complete 
|  70|0x00000000a6c00000, 0x00000000a6d00000, 0x00000000a6d00000|100%| E|CS|TAMS 0x00000000a6c00000| PB 0x00000000a6c00000| Complete 
|  71|0x00000000a6d00000, 0x00000000a6e00000, 0x00000000a6e00000|100%| E|CS|TAMS 0x00000000a6d00000| PB 0x00000000a6d00000| Complete 
|  93|0x00000000a8300000, 0x00000000a8400000, 0x00000000a8400000|100%| E|CS|TAMS 0x00000000a8300000| PB 0x00000000a8300000| Complete 
|1493|0x00000000ffb00000, 0x00000000ffc00000, 0x00000000ffc00000|100%| O|  |TAMS 0x00000000ffb00000| PB 0x00000000ffb00000| Untracked 
|1494|0x00000000ffc00000, 0x00000000ffd00000, 0x00000000ffd00000|100%| O|  |TAMS 0x00000000ffc00000| PB 0x00000000ffc00000| Untracked 
|1495|0x00000000ffd00000, 0x00000000ffe00000, 0x00000000ffe00000|100%| O|  |TAMS 0x00000000ffd00000| PB 0x00000000ffd00000| Untracked 
|1496|0x00000000ffe00000, 0x00000000fff00000, 0x00000000fff00000|100%| O|  |TAMS 0x00000000ffe00000| PB 0x00000000ffe00000| Untracked 
|1497|0x00000000fff00000, 0x0000000100000000, 0x0000000100000000|100%| O|  |TAMS 0x00000000fff00000| PB 0x00000000fff00000| Untracked 

Card table byte_map: [0x0000026738b70000,0x0000026738e60000] _byte_map_base: 0x000002673865d000

Marking Bits: (CMBitMap*) 0x00000267212d1150
 Bits: [0x0000026739150000, 0x000002673a8b8000)

Polling page: 0x000002671f230000

Metaspace:

Usage:
  Non-class:     25.26 MB used.
      Class:      3.49 MB used.
       Both:     28.75 MB used.

Virtual space:
  Non-class space:       64.00 MB reserved,      25.50 MB ( 40%) committed,  1 nodes.
      Class space:        1.00 GB reserved,       3.69 MB ( <1%) committed,  1 nodes.
             Both:        1.06 GB reserved,      29.19 MB (  3%) committed. 

Chunk freelists:
   Non-Class:  2.45 MB
       Class:  240.00 KB
        Both:  2.69 MB

MaxMetaspaceSize: unlimited
CompressedClassSpaceSize: 1.00 GB
Initial GC threshold: 21.00 MB
Current GC threshold: 35.12 MB
CDS: on
MetaspaceReclaimPolicy: balanced
 - commit_granule_bytes: 65536.
 - commit_granule_words: 8192.
 - virtual_space_node_default_size: 8388608.
 - enlarge_chunks_in_place: 1.
 - new_chunks_are_fully_committed: 0.
 - uncommit_free_chunks: 1.
 - use_allocation_guard: 0.


Internal statistics:

num_allocs_failed_limit: 3.
num_arena_births: 532.
num_arena_deaths: 0.
num_vsnodes_births: 2.
num_vsnodes_deaths: 0.
num_space_committed: 467.
num_space_uncommitted: 0.
num_chunks_returned_to_freelist: 3.
num_chunks_taken_from_freelist: 1463.
num_chunk_merges: 3.
num_chunk_splits: 939.
num_chunks_enlarged: 643.
num_inconsistent_stats: 0.

CodeHeap 'non-profiled nmethods': size=120000Kb used=1809Kb max_used=1809Kb free=118191Kb
 bounds [0x0000026730df0000, 0x0000026731060000, 0x0000026738320000]
CodeHeap 'profiled nmethods': size=120000Kb used=9098Kb max_used=9098Kb free=110901Kb
 bounds [0x0000026729320000, 0x0000026729c10000, 0x0000026730850000]
CodeHeap 'non-nmethods': size=5760Kb used=1641Kb max_used=1665Kb free=4118Kb
 bounds [0x0000026730850000, 0x0000026730ac0000, 0x0000026730df0000]
 total_blobs=5288 nmethods=4652 adapters=545
 compilation: enabled
              stopped_count=0, restarted_count=0
 full_count=0

Compilation events (20 events):
Event: 347.508 Thread 0x000002673d508190 nmethod 4634 0x0000026730faba90 code [0x0000026730fabce0, 0x0000026730fadea0]
Event: 347.508 Thread 0x000002673d508190 4642   !   4       java.io.WinNTFileSystem::getBooleanAttributes (27 bytes)
Event: 347.510 Thread 0x000002673d508190 nmethod 4642 0x0000026730faed90 code [0x0000026730faef20, 0x0000026730faf050]
Event: 347.512 Thread 0x000002673d512c60 4643       3       java.util.regex.Pattern::group0 (1098 bytes)
Event: 347.517 Thread 0x000002673d512c60 nmethod 4643 0x0000026729bf9b10 code [0x0000026729bfa300, 0x0000026729bff030]
Event: 347.519 Thread 0x000002673d512c60 4644       3       java.lang.AbstractStringBuilder::setLength (82 bytes)
Event: 347.519 Thread 0x000002673d512c60 nmethod 4644 0x0000026729c00a90 code [0x0000026729c00c80, 0x0000026729c01198]
Event: 347.530 Thread 0x000002673d512c60 4646       3       jdk.internal.misc.CDS::isDumpingClassList (4 bytes)
Event: 347.531 Thread 0x000002673d512c60 nmethod 4646 0x0000026729c01390 code [0x0000026729c01520, 0x0000026729c01610]
Event: 347.544 Thread 0x000002673d512c60 4647       3       java.util.jar.JarFile$JarFileEntry::getRealName (5 bytes)
Event: 347.544 Thread 0x000002673d512c60 nmethod 4647 0x0000026729c01690 code [0x0000026729c01820, 0x0000026729c01948]
Event: 347.548 Thread 0x000002673d508190 4648   !   4       java.util.concurrent.ConcurrentHashMap::transfer (849 bytes)
Event: 347.586 Thread 0x000002673d508190 nmethod 4648 0x0000026730faf510 code [0x0000026730faf6c0, 0x0000026730fb0c88]
Event: 347.586 Thread 0x000002673d508190 4649   !   4       java.util.zip.ZipFile$ZipFileInputStream::close (59 bytes)
Event: 347.616 Thread 0x000002673d508190 nmethod 4649 0x0000026730fb1410 code [0x0000026730fb1640, 0x0000026730fb26c0]
Event: 347.637 Thread 0x000002673d508190 4650       4       sun.invoke.util.VerifyAccess::isClassAccessible (230 bytes)
Event: 347.644 Thread 0x000002673d508190 nmethod 4650 0x0000026730fb3210 code [0x0000026730fb33c0, 0x0000026730fb36a8]
Event: 347.658 Thread 0x000002673d508190 4651   !   4       java.util.zip.Inflater::inflate (456 bytes)
Event: 347.664 Thread 0x000002673d508190 nmethod 4651 0x0000026730fb3a10 code [0x0000026730fb3ba0, 0x0000026730fb40d0]
Event: 347.664 Thread 0x000002673d508190 4652       4       java.net.URLStreamHandler::parseURL (1124 bytes)

GC Heap History (10 events):
Event: 5.482 GC heap before
{Heap before GC invocations=0 (full 0):
 garbage-first heap   total 96256K, used 22528K [0x00000000a2600000, 0x0000000100000000)
  region size 1024K, 23 young (23552K), 0 survivors (0K)
 Metaspace       used 7409K, committed 7744K, reserved 1114112K
  class space    used 836K, committed 1024K, reserved 1048576K
}
Event: 5.492 GC heap after
{Heap after GC invocations=1 (full 0):
 garbage-first heap   total 96256K, used 7448K [0x00000000a2600000, 0x0000000100000000)
  region size 1024K, 3 young (3072K), 3 survivors (3072K)
 Metaspace       used 7409K, committed 7744K, reserved 1114112K
  class space    used 836K, committed 1024K, reserved 1048576K
}
Event: 6.608 GC heap before
{Heap before GC invocations=1 (full 0):
 garbage-first heap   total 96256K, used 33048K [0x00000000a2600000, 0x0000000100000000)
  region size 1024K, 29 young (29696K), 3 survivors (3072K)
 Metaspace       used 13582K, committed 13952K, reserved 1114112K
  class space    used 1659K, committed 1792K, reserved 1048576K
}
Event: 6.615 GC heap after
{Heap after GC invocations=2 (full 0):
 garbage-first heap   total 96256K, used 10633K [0x00000000a2600000, 0x0000000100000000)
  region size 1024K, 3 young (3072K), 3 survivors (3072K)
 Metaspace       used 13582K, committed 13952K, reserved 1114112K
  class space    used 1659K, committed 1792K, reserved 1048576K
}
Event: 8.182 GC heap before
{Heap before GC invocations=2 (full 0):
 garbage-first heap   total 96256K, used 32137K [0x00000000a2600000, 0x0000000100000000)
  region size 1024K, 25 young (25600K), 3 survivors (3072K)
 Metaspace       used 21091K, committed 21504K, reserved 1114112K
  class space    used 2605K, committed 2816K, reserved 1048576K
}
Event: 8.189 GC heap after
{Heap after GC invocations=3 (full 0):
 garbage-first heap   total 96256K, used 13560K [0x00000000a2600000, 0x0000000100000000)
  region size 1024K, 6 young (6144K), 6 survivors (6144K)
 Metaspace       used 21091K, committed 21504K, reserved 1114112K
  class space    used 2605K, committed 2816K, reserved 1048576K
}
Event: 108.896 GC heap before
{Heap before GC invocations=4 (full 0):
 garbage-first heap   total 51200K, used 47352K [0x00000000a2600000, 0x0000000100000000)
  region size 1024K, 30 young (30720K), 6 survivors (6144K)
 Metaspace       used 24650K, committed 25088K, reserved 1114112K
  class space    used 3077K, committed 3264K, reserved 1048576K
}
Event: 108.907 GC heap after
{Heap after GC invocations=5 (full 0):
 garbage-first heap   total 57344K, used 14927K [0x00000000a2600000, 0x0000000100000000)
  region size 1024K, 2 young (2048K), 2 survivors (2048K)
 Metaspace       used 24650K, committed 25088K, reserved 1114112K
  class space    used 3077K, committed 3264K, reserved 1048576K
}
Event: 340.901 GC heap before
{Heap before GC invocations=5 (full 0):
 garbage-first heap   total 57344K, used 41551K [0x00000000a2600000, 0x0000000100000000)
  region size 1024K, 29 young (29696K), 2 survivors (2048K)
 Metaspace       used 25416K, committed 25792K, reserved 1114112K
  class space    used 3102K, committed 3264K, reserved 1048576K
}
Event: 340.932 GC heap after
{Heap after GC invocations=6 (full 0):
 garbage-first heap   total 57344K, used 15388K [0x00000000a2600000, 0x0000000100000000)
  region size 1024K, 2 young (2048K), 2 survivors (2048K)
 Metaspace       used 25416K, committed 25792K, reserved 1114112K
  class space    used 3102K, committed 3264K, reserved 1048576K
}

Dll operation events (9 events):
Event: 0.012 Loaded shared library C:\Program Files\Java\jdk-20\bin\java.dll
Event: 0.025 Loaded shared library C:\Program Files\Java\jdk-20\bin\jsvml.dll
Event: 0.172 Loaded shared library C:\Program Files\Java\jdk-20\bin\net.dll
Event: 0.175 Loaded shared library C:\Program Files\Java\jdk-20\bin\nio.dll
Event: 0.183 Loaded shared library C:\Program Files\Java\jdk-20\bin\zip.dll
Event: 0.441 Loaded shared library C:\Program Files\Java\jdk-20\bin\jimage.dll
Event: 0.525 Loaded shared library C:\Program Files\Java\jdk-20\bin\verify.dll
Event: 0.700 Loaded shared library C:\Program Files\Java\jdk-20\bin\extnet.dll
Event: 7.914 Loaded shared library C:\Program Files\Java\jdk-20\bin\sunmscapi.dll

Deoptimization events (20 events):
Event: 347.383 Thread 0x0000026721280d60 DEOPT PACKING pc=0x0000026730f3ca08 sp=0x00000094df3fbbd0
Event: 347.383 Thread 0x0000026721280d60 DEOPT UNPACKING pc=0x00000267308b9d22 sp=0x00000094df3fbb60 mode 2
Event: 347.390 Thread 0x0000026721280d60 Uncommon trap: trap_request=0xffffff45 fr.pc=0x0000026730f43324 relative=0x0000000000000384
Event: 347.390 Thread 0x0000026721280d60 Uncommon trap: reason=unstable_if action=reinterpret pc=0x0000026730f43324 method=java.util.regex.Matcher.find()Z @ 10 c2
Event: 347.390 Thread 0x0000026721280d60 DEOPT PACKING pc=0x0000026730f43324 sp=0x00000094df3fca50
Event: 347.390 Thread 0x0000026721280d60 DEOPT UNPACKING pc=0x00000267308b9d22 sp=0x00000094df3fc9f8 mode 2
Event: 347.412 Thread 0x0000026721280d60 Uncommon trap: trap_request=0xffffff45 fr.pc=0x0000026730edbec8 relative=0x00000000000000c8
Event: 347.412 Thread 0x0000026721280d60 Uncommon trap: reason=unstable_if action=reinterpret pc=0x0000026730edbec8 method=java.lang.CharacterDataLatin1.digit(II)I @ 7 c2
Event: 347.412 Thread 0x0000026721280d60 DEOPT PACKING pc=0x0000026730edbec8 sp=0x00000094df3fc760
Event: 347.412 Thread 0x0000026721280d60 DEOPT UNPACKING pc=0x00000267308b9d22 sp=0x00000094df3fc620 mode 2
Event: 347.412 Thread 0x0000026721280d60 Uncommon trap: trap_request=0xffffff45 fr.pc=0x0000026730edc2a0 relative=0x00000000000000a0
Event: 347.412 Thread 0x0000026721280d60 Uncommon trap: reason=unstable_if action=reinterpret pc=0x0000026730edc2a0 method=java.lang.CharacterDataLatin1.digit(II)I @ 7 c2
Event: 347.412 Thread 0x0000026721280d60 DEOPT PACKING pc=0x0000026730edc2a0 sp=0x00000094df3fc6b0
Event: 347.412 Thread 0x0000026721280d60 DEOPT UNPACKING pc=0x00000267308b9d22 sp=0x00000094df3fc630 mode 2
Event: 347.483 Thread 0x0000026721280d60 DEOPT PACKING pc=0x00000267297db9e2 sp=0x00000094df3f8cb0
Event: 347.483 Thread 0x0000026721280d60 DEOPT UNPACKING pc=0x00000267308ba4c2 sp=0x00000094df3f81c0 mode 0
Event: 347.548 Thread 0x0000026721280d60 DEOPT PACKING pc=0x00000267297db9c1 sp=0x00000094df3fa720
Event: 347.548 Thread 0x0000026721280d60 DEOPT UNPACKING pc=0x00000267308ba4c2 sp=0x00000094df3f9c30 mode 0
Event: 347.549 Thread 0x0000026721280d60 DEOPT PACKING pc=0x0000026729bf8050 sp=0x00000094df3fa650
Event: 347.549 Thread 0x0000026721280d60 DEOPT UNPACKING pc=0x00000267308ba4c2 sp=0x00000094df3f9c30 mode 0

Classes loaded (20 events):
Event: 347.399 Loading class com/sun/org/apache/xerces/internal/dom/TextImpl done
Event: 347.399 Loading class com/sun/org/apache/xerces/internal/dom/DeferredTextImpl done
Event: 347.399 Loading class com/sun/org/apache/xerces/internal/dom/CharacterDataImpl$1
Event: 347.399 Loading class com/sun/org/apache/xerces/internal/dom/CharacterDataImpl$1 done
Event: 347.512 Loading class java/beans/PropertyChangeSupport
Event: 347.513 Loading class java/beans/PropertyChangeSupport done
Event: 347.513 Loading class java/beans/PropertyChangeSupport$PropertyChangeListenerMap
Event: 347.513 Loading class java/beans/ChangeListenerMap
Event: 347.514 Loading class java/beans/ChangeListenerMap done
Event: 347.514 Loading class java/beans/PropertyChangeSupport$PropertyChangeListenerMap done
Event: 347.514 Loading class java/beans/PropertyChangeListener
Event: 347.514 Loading class java/util/EventListener
Event: 347.514 Loading class java/util/EventListener done
Event: 347.514 Loading class java/beans/PropertyChangeListener done
Event: 347.585 Loading class java/time/DayOfWeek
Event: 347.586 Loading class java/time/DayOfWeek done
Event: 347.586 Loading class java/time/temporal/WeekFields
Event: 347.587 Loading class java/time/temporal/WeekFields done
Event: 347.587 Loading class java/time/temporal/WeekFields$ComputedDayOfField
Event: 347.588 Loading class java/time/temporal/WeekFields$ComputedDayOfField done

Classes unloaded (0 events):
No events

Classes redefined (0 events):
No events

Internal exceptions (20 events):
Event: 294.481 Thread 0x000002674193c1d0 Exception <a 'java/net/ConnectException'{0x00000000a40a0b98}: Connection refused: no further information> (0x00000000a40a0b98) 
thrown [s\open\src\hotspot\share\prims\jni.cpp, line 538]
Event: 294.482 Thread 0x000002674193c1d0 Exception <a 'java/net/ConnectException'{0x00000000a40a1400}: Connection refused: no further information> (0x00000000a40a1400) 
thrown [s\open\src\hotspot\share\prims\jni.cpp, line 538]
Event: 294.494 Thread 0x000002674193c1d0 Exception <a 'java/net/ConnectException'{0x00000000a40a1c68}: Connection refused: no further information> (0x00000000a40a1c68) 
thrown [s\open\src\hotspot\share\prims\jni.cpp, line 538]
Event: 294.496 Thread 0x000002674193c1d0 Exception <a 'java/net/ConnectException'{0x00000000a40a24d0}: Connection refused: no further information> (0x00000000a40a24d0) 
thrown [s\open\src\hotspot\share\prims\jni.cpp, line 538]
Event: 294.496 Thread 0x000002674193c1d0 Exception <a 'java/net/ConnectException'{0x00000000a40a2d38}: Connection refused: no further information> (0x00000000a40a2d38) 
thrown [s\open\src\hotspot\share\prims\jni.cpp, line 538]
Event: 294.497 Thread 0x000002674193c1d0 Exception <a 'java/net/ConnectException'{0x00000000a40a35a0}: Connection refused: no further information> (0x00000000a40a35a0) 
thrown [s\open\src\hotspot\share\prims\jni.cpp, line 538]
Event: 294.497 Thread 0x000002674193c1d0 Exception <a 'java/net/ConnectException'{0x00000000a40a3e08}: Connection refused: no further information> (0x00000000a40a3e08) 
thrown [s\open\src\hotspot\share\prims\jni.cpp, line 538]
Event: 294.511 Thread 0x000002674193c1d0 Exception <a 'java/net/ConnectException'{0x00000000a40a4670}: Connection refused: no further information> (0x00000000a40a4670) 
thrown [s\open\src\hotspot\share\prims\jni.cpp, line 538]
Event: 294.512 Thread 0x000002674193c1d0 Exception <a 'java/net/ConnectException'{0x00000000a40a4ed8}: Connection refused: no further information> (0x00000000a40a4ed8) 
thrown [s\open\src\hotspot\share\prims\jni.cpp, line 538]
Event: 294.526 Thread 0x000002674193c1d0 Exception <a 'java/net/ConnectException'{0x00000000a40a5740}: Connection refused: no further information> (0x00000000a40a5740) 
thrown [s\open\src\hotspot\share\prims\jni.cpp, line 538]
Event: 294.542 Thread 0x000002674193c1d0 Exception <a 'java/net/ConnectException'{0x00000000a40a5fa8}: Connection refused: no further information> (0x00000000a40a5fa8) 
thrown [s\open\src\hotspot\share\prims\jni.cpp, line 538]
Event: 294.543 Thread 0x000002674193c1d0 Exception <a 'java/net/ConnectException'{0x00000000a40a6810}: Connection refused: no further information> (0x00000000a40a6810) 
thrown [s\open\src\hotspot\share\prims\jni.cpp, line 538]
Event: 294.558 Thread 0x000002674193c1d0 Exception <a 'java/net/ConnectException'{0x00000000a40a7078}: Connection refused: no further information> (0x00000000a40a7078) 
thrown [s\open\src\hotspot\share\prims\jni.cpp, line 538]
Event: 347.020 Thread 0x0000026721280d60 Exception <a 'java/lang/NoSuchMethodError'{0x00000000a6d9cf48}: 'java.lang.Object java.lang.invoke.DirectMethodHandle$Holder.invokeStatic(java.lang.Object, int, java.lang.Object, java.lang.Object)'> (0x00000000a6d9cf48) 
thrown [s\open\src\hotspot\share\interpreter\linkResolver.cpp, line 773]
Event: 347.034 Thread 0x0000026721280d60 Exception <a 'java/lang/IncompatibleClassChangeError'{0x00000000a6dc3a78}: Found class java.lang.Object, but interface was expected> (0x00000000a6dc3a78) 
thrown [s\open\src\hotspot\share\interpreter\linkResolver.cpp, line 840]
Event: 347.333 Thread 0x0000026721280d60 Exception <a 'java/lang/NoSuchMethodError'{0x00000000a6995d88}: 'void java.lang.invoke.DirectMethodHandle$Holder.invokeVirtual(java.lang.Object, java.lang.Object, java.lang.Object, int)'> (0x00000000a6995d88) 
thrown [s\open\src\hotspot\share\interpreter\linkResolver.cpp, line 773]
Event: 347.350 Thread 0x0000026721280d60 Exception <a 'java/lang/NoSuchMethodError'{0x00000000a69cb980}: 'void java.lang.invoke.DirectMethodHandle$Holder.invokeStatic(java.lang.Object, java.lang.Object, java.lang.Object, int)'> (0x00000000a69cb980) 
thrown [s\open\src\hotspot\share\interpreter\linkResolver.cpp, line 773]
Event: 347.351 Thread 0x0000026721280d60 Exception <a 'java/lang/NoSuchMethodError'{0x00000000a69cf100}: 'void java.lang.invoke.DirectMethodHandle$Holder.invokeStaticInit(java.lang.Object, java.lang.Object, java.lang.Object, int)'> (0x00000000a69cf100) 
thrown [s\open\src\hotspot\share\interpreter\linkResolver.cpp, line 773]
Event: 347.530 Thread 0x0000026721280d60 Exception <a 'java/lang/NoSuchMethodError'{0x00000000a50e5688}: 'java.lang.Object java.lang.invoke.DirectMethodHandle$Holder.invokeStatic(java.lang.Object, java.lang.Object, int, int)'> (0x00000000a50e5688) 
thrown [s\open\src\hotspot\share\interpreter\linkResolver.cpp, line 773]
Event: 347.531 Thread 0x0000026721280d60 Exception <a 'java/lang/NoSuchMethodError'{0x00000000a50e8fe8}: 'java.lang.Object java.lang.invoke.DirectMethodHandle$Holder.invokeStaticInit(java.lang.Object, java.lang.Object, int, int)'> (0x00000000a50e8fe8) 
thrown [s\open\src\hotspot\share\interpreter\linkResolver.cpp, line 773]

VM Operations (20 events):
Event: 300.582 Executing VM operation: Cleanup
Event: 300.582 Executing VM operation: Cleanup done
Event: 307.635 Executing VM operation: Cleanup
Event: 307.635 Executing VM operation: Cleanup done
Event: 319.735 Executing VM operation: Cleanup
Event: 319.736 Executing VM operation: Cleanup done
Event: 330.812 Executing VM operation: Cleanup
Event: 330.812 Executing VM operation: Cleanup done
Event: 335.857 Executing VM operation: Cleanup
Event: 335.858 Executing VM operation: Cleanup done
Event: 340.898 Executing VM operation: G1CollectForAllocation
Event: 340.932 Executing VM operation: G1CollectForAllocation done
Event: 346.861 Executing VM operation: HandshakeAllThreads
Event: 346.862 Executing VM operation: HandshakeAllThreads done
Event: 346.862 Executing VM operation: Cleanup
Event: 346.862 Executing VM operation: Cleanup done
Event: 347.074 Executing VM operation: HandshakeAllThreads
Event: 347.074 Executing VM operation: HandshakeAllThreads done
Event: 347.591 Executing VM operation: HandshakeAllThreads
Event: 347.591 Executing VM operation: HandshakeAllThreads done

Events (20 events):
Event: 259.770 Thread 0x0000026743b8a730 Thread exited: 0x0000026743b8a730
Event: 259.770 Thread 0x0000026743b8b1d0 Thread exited: 0x0000026743b8b1d0
Event: 293.699 Thread 0x0000026743e82010 Thread added: 0x0000026743e82010
Event: 293.761 Thread 0x000002674193ec50 Thread added: 0x000002674193ec50
Event: 294.368 Thread 0x000002674193ec50 Thread exited: 0x000002674193ec50
Event: 294.372 Thread 0x0000026743e82010 Thread exited: 0x0000026743e82010
Event: 294.398 Thread 0x00000267419416d0 Thread added: 0x00000267419416d0
Event: 294.441 Thread 0x0000026741941180 Thread added: 0x0000026741941180
Event: 294.442 Thread 0x000002674193c1d0 Thread added: 0x000002674193c1d0
Event: 294.442 Thread 0x000002674193d710 Thread added: 0x000002674193d710
Event: 294.567 Thread 0x000002674193dc60 Thread added: 0x000002674193dc60
Event: 294.599 Thread 0x000002674193e1b0 Thread added: 0x000002674193e1b0
Event: 299.400 Thread 0x0000026741941c20 Thread added: 0x0000026741941c20
Event: 300.875 Thread 0x0000026743b8d700 Thread exited: 0x0000026743b8d700
Event: 300.875 Thread 0x0000026743b8d1b0 Thread exited: 0x0000026743b8d1b0
Event: 300.875 Thread 0x000002674350eb20 Thread exited: 0x000002674350eb20
Event: 340.935 Thread 0x000002674350f5c0 Thread exited: 0x000002674350f5c0
Event: 340.936 Thread 0x0000026743b8b720 Thread exited: 0x0000026743b8b720
Event: 340.937 Thread 0x0000026743b88ca0 Thread exited: 0x0000026743b88ca0
Event: 340.937 Thread 0x0000026743b8e1a0 Thread exited: 0x0000026743b8e1a0


Dynamic libraries:
0x00007ff7aa9f0000 - 0x00007ff7aaa00000 	C:\Program Files\Java\jdk-20\bin\javaw.exe
0x00007ff8a6930000 - 0x00007ff8a6b47000 	C:\WINDOWS\SYSTEM32\ntdll.dll
0x00007ff8a5840000 - 0x00007ff8a5904000 	C:\WINDOWS\System32\KERNEL32.DLL
0x00007ff8a41c0000 - 0x00007ff8a4579000 	C:\WINDOWS\System32\KERNELBASE.dll
0x00007ff8a3c60000 - 0x00007ff8a3d71000 	C:\WINDOWS\System32\ucrtbase.dll
0x00007ff890af0000 - 0x00007ff890b09000 	C:\Program Files\Java\jdk-20\bin\jli.dll
0x00007ff885110000 - 0x00007ff88512b000 	C:\Program Files\Java\jdk-20\bin\VCRUNTIME140.dll
0x00007ff8a63f0000 - 0x00007ff8a64a2000 	C:\WINDOWS\System32\ADVAPI32.dll
0x00007ff8a5e10000 - 0x00007ff8a5eb7000 	C:\WINDOWS\System32\msvcrt.dll
0x00007ff8a6070000 - 0x00007ff8a6117000 	C:\WINDOWS\System32\sechost.dll
0x00007ff8a4620000 - 0x00007ff8a4648000 	C:\WINDOWS\System32\bcrypt.dll
0x00007ff8a62d0000 - 0x00007ff8a63e4000 	C:\WINDOWS\System32\RPCRT4.dll
0x00007ff8a4e10000 - 0x00007ff8a4fbe000 	C:\WINDOWS\System32\USER32.dll
0x00007ff8a3c30000 - 0x00007ff8a3c56000 	C:\WINDOWS\System32\win32u.dll
0x00007ff889140000 - 0x00007ff8893d2000 	C:\WINDOWS\WinSxS\amd64_microsoft.windows.common-controls_6595b64144ccf1df_6.0.22621.4391_none_2715d37f73803e96\COMCTL32.dll
0x00007ff8a4d40000 - 0x00007ff8a4d69000 	C:\WINDOWS\System32\GDI32.dll
0x00007ff8a3f70000 - 0x00007ff8a408b000 	C:\WINDOWS\System32\gdi32full.dll
0x00007ff8a4580000 - 0x00007ff8a461a000 	C:\WINDOWS\System32\msvcp_win.dll
0x00007ff89c0f0000 - 0x00007ff89c0fa000 	C:\WINDOWS\SYSTEM32\VERSION.dll
0x00007ff8a4af0000 - 0x00007ff8a4b21000 	C:\WINDOWS\System32\IMM32.DLL
0x00007ff897d30000 - 0x00007ff897d3c000 	C:\Program Files\Java\jdk-20\bin\vcruntime140_1.dll
0x00007ff870e90000 - 0x00007ff870f1e000 	C:\Program Files\Java\jdk-20\bin\msvcp140.dll
0x00007ff821b60000 - 0x00007ff8227f7000 	C:\Program Files\Java\jdk-20\bin\server\jvm.dll
0x00007ff88d8f0000 - 0x00007ff88d8f9000 	C:\WINDOWS\SYSTEM32\WSOCK32.dll
0x00007ff8a6120000 - 0x00007ff8a6191000 	C:\WINDOWS\System32\WS2_32.dll
0x00007ff89f670000 - 0x00007ff89f6a4000 	C:\WINDOWS\SYSTEM32\WINMM.dll
0x00007ff8a2c50000 - 0x00007ff8a2c68000 	C:\WINDOWS\SYSTEM32\kernel.appcore.dll
0x00007ff897820000 - 0x00007ff89782a000 	C:\Program Files\Java\jdk-20\bin\jimage.dll
0x00007ff8a1780000 - 0x00007ff8a19b2000 	C:\WINDOWS\SYSTEM32\DBGHELP.DLL
0x00007ff8a5a70000 - 0x00007ff8a5dff000 	C:\WINDOWS\System32\combase.dll
0x00007ff8a61f0000 - 0x00007ff8a62c7000 	C:\WINDOWS\System32\OLEAUT32.dll
0x00007ff890cb0000 - 0x00007ff890ce2000 	C:\WINDOWS\SYSTEM32\dbgcore.DLL
0x00007ff8a3d80000 - 0x00007ff8a3dfb000 	C:\WINDOWS\System32\bcryptPrimitives.dll
0x00007ff884f00000 - 0x00007ff884f26000 	C:\Program Files\Java\jdk-20\bin\java.dll
0x00007ff8689f0000 - 0x00007ff868ac7000 	C:\Program Files\Java\jdk-20\bin\jsvml.dll
0x00007ff8a4fc0000 - 0x00007ff8a5836000 	C:\WINDOWS\System32\SHELL32.dll
0x00007ff8a1b20000 - 0x00007ff8a2423000 	C:\WINDOWS\SYSTEM32\windows.storage.dll
0x00007ff8a19e0000 - 0x00007ff8a1b1f000 	C:\WINDOWS\SYSTEM32\wintypes.dll
0x00007ff8a4b90000 - 0x00007ff8a4c89000 	C:\WINDOWS\System32\SHCORE.dll
0x00007ff8a6870000 - 0x00007ff8a68ce000 	C:\WINDOWS\System32\shlwapi.dll
0x00007ff8a3b60000 - 0x00007ff8a3b8b000 	C:\WINDOWS\SYSTEM32\profapi.dll
0x00007ff8850f0000 - 0x00007ff885103000 	C:\Program Files\Java\jdk-20\bin\net.dll
0x00007ff89f8a0000 - 0x00007ff89f9d6000 	C:\WINDOWS\SYSTEM32\WINHTTP.dll
0x00007ff8a30f0000 - 0x00007ff8a3159000 	C:\WINDOWS\system32\mswsock.dll
0x00007ff883f20000 - 0x00007ff883f36000 	C:\Program Files\Java\jdk-20\bin\nio.dll
0x00007ff883f00000 - 0x00007ff883f18000 	C:\Program Files\Java\jdk-20\bin\zip.dll
0x00007ff890ae0000 - 0x00007ff890af0000 	C:\Program Files\Java\jdk-20\bin\verify.dll
0x00007ff8a2700000 - 0x00007ff8a2802000 	C:\WINDOWS\SYSTEM32\DNSAPI.dll
0x00007ff8a2690000 - 0x00007ff8a26bd000 	C:\WINDOWS\SYSTEM32\IPHLPAPI.DLL
0x00007ff8a5e00000 - 0x00007ff8a5e09000 	C:\WINDOWS\System32\NSI.dll
0x00007ff8983a0000 - 0x00007ff8983aa000 	C:\Windows\System32\rasadhlp.dll
0x00007ff89c6e0000 - 0x00007ff89c763000 	C:\WINDOWS\System32\fwpuclnt.dll
0x00007ff88cea0000 - 0x00007ff88cea7000 	C:\Program Files\Java\jdk-20\bin\extnet.dll
0x00007ff8a3340000 - 0x00007ff8a335b000 	C:\WINDOWS\SYSTEM32\CRYPTSP.dll
0x00007ff8a2ba0000 - 0x00007ff8a2bd5000 	C:\WINDOWS\system32\rsaenh.dll
0x00007ff8a31e0000 - 0x00007ff8a3208000 	C:\WINDOWS\SYSTEM32\USERENV.dll
0x00007ff8a3360000 - 0x00007ff8a336c000 	C:\WINDOWS\SYSTEM32\CRYPTBASE.dll
0x00007ff89f650000 - 0x00007ff89f669000 	C:\WINDOWS\SYSTEM32\dhcpcsvc6.DLL
0x00007ff89f540000 - 0x00007ff89f55f000 	C:\WINDOWS\SYSTEM32\dhcpcsvc.DLL
0x00007ff884270000 - 0x00007ff88427e000 	C:\Program Files\Java\jdk-20\bin\sunmscapi.dll
0x00007ff8a3e00000 - 0x00007ff8a3f66000 	C:\WINDOWS\System32\CRYPT32.dll
0x00007ff8a3500000 - 0x00007ff8a352d000 	C:\WINDOWS\SYSTEM32\ncrypt.dll
0x00007ff8a34c0000 - 0x00007ff8a34f7000 	C:\WINDOWS\SYSTEM32\NTASN1.dll
0x00007ff870fa0000 - 0x00007ff870fa8000 	C:\WINDOWS\system32\wshunix.dll

dbghelp: loaded successfully - version: 4.0.5 - missing functions: none
symbol engine: initialized successfully - sym options: 0x614 - pdb path: .;C:\Program Files\Java\jdk-20\bin;C:\WINDOWS\SYSTEM32;C:\WINDOWS\WinSxS\amd64_microsoft.windows.common-controls_6595b64144ccf1df_6.0.22621.4391_none_2715d37f73803e96;C:\Program Files\Java\jdk-20\bin\server

VM Arguments:
jvm_args: -ea -Dfile.encoding=UTF-8 -Dstdout.encoding=UTF-8 -Dstderr.encoding=UTF-8 -XX:+ShowCodeDetailsInExceptionMessages 
java_command: org.testng.remote.RemoteTestNG -serport 53542 -protocol json -d C:\Users\N ANOOHYA\eclipse-workspace\MagicBricksBuy\test-output C:\Users\NANOOH~1\AppData\Local\Temp\testng-eclipse--1541578702\testng-customsuite.xml
java_class_path (initial): C:\Users\N ANOOHYA\eclipse\java-2024-09\eclipse\configuration\org.eclipse.osgi\553\0\.cp\lib\testng-remote.jar;C:\Users\N ANOOHYA\eclipse-workspace\MagicBricksBuy\target\test-classes;C:\Users\N ANOOHYA\eclipse-workspace\MagicBricksBuy\target\classes;C:\Users\N ANOOHYA\.m2\repository\io\cucumber\cucumber-core\7.17.0\cucumber-core-7.17.0.jar;C:\Users\N ANOOHYA\.m2\repository\io\cucumber\cucumber-gherkin\7.17.0\cucumber-gherkin-7.17.0.jar;C:\Users\N ANOOHYA\.m2\repository\io\cucumber\cucumber-gherkin-messages\7.17.0\cucumber-gherkin-messages-7.17.0.jar;C:\Users\N ANOOHYA\.m2\repository\io\cucumber\gherkin\28.0.0\gherkin-28.0.0.jar;C:\Users\N ANOOHYA\.m2\repository\io\cucumber\messages\24.1.0\messages-24.1.0.jar;C:\Users\N ANOOHYA\.m2\repository\io\cucumber\testng-xml-formatter\0.1.0\testng-xml-formatter-0.1.0.jar;C:\Users\N ANOOHYA\.m2\repository\io\cucumber\query\12.2.0\query-12.2.0.jar;C:\Users\N ANOOHYA\.m2\repository\io\cucumber\tag-expressions\6.1.0\tag-expressions-6.1.0.jar;C:\Users\N ANOOHYA\.m2\repository\io\cucumber\cucumber-expressions\17.1.0\cucumber-expressions-17.1.0.jar;C:\Users\N ANOOHYA\.m2\repository\io\cucumber\datatable\7.17.0\datatable-7.17.0.jar;C:\Users\N ANOOHYA\.m2\repository\io\cucumber\cucumber-plugin\7.17.0\cucumber-plugin-7.17.0.jar;C:\Users\N ANOOHYA\.m2\repository\io\cucumber\docstring\7.17.0\docstring-7.17.0.jar;C:\Users\N ANOOHYA\.m2\repository\io\cucumber\html-formatter\21.3.1\html-formatter-21.3.1.jar;C:\Users\N ANOOHYA\.m2\repository\io\cucumber\junit-xml-formatter\0.4.0\junit-xml-formatter-0.4.0.jar;C:\Users\N ANOOHYA\.m2\repository\io\cucumber\ci-environment\10.0.1\ci-environment-10.0.1.jar;C:\Users\N ANOOHYA\.m2\repository\org\apiguardian\apiguardian-api\1.1.2\apiguardian-api-1.1.2.jar;C:\Users\N ANOOHYA\.m2\repository\io\cucumber\cucumber-java\7.15.0\cucumber-java-7.15.0.jar;C:\Users\N ANOOHYA\.m2\repository\org\seleniumhq\selenium\selenium-java\4.16.1\selenium-java-4.16.1.jar;C:\Users\N ANOOHYA\.m2\repository\org\seleniumhq\selenium\selenium-api\4.16.1\selenium-api-4.16.1.jar;C:\Users\N ANOOHYA\.m2\repository\org\seleniumhq\selenium\selenium-chrome-driver\4.16.1\selenium-chrome-driver-4.16.1.jar;C:\Users\N ANOOHYA\.m2\repository\com\google\auto\service\auto-service-annotations\1.1.1\auto-service-annotations-1.1.1.jar;C:\Users\N ANOOHYA\.m2\repository\org\seleniumhq\selenium\selenium-chromium-driver\4.16.1\selenium-chromium-driver-4.16.1.jar;C:\Users\N ANOOHYA\.m2\repository\org\seleniumhq\selenium\selenium-json\4.16.1\selenium-json-4.16.1.jar;C:\Users\N ANOOHYA\.m2\repository\org\seleniumhq\selenium\selenium-manager\4.16.1\selenium-manager-4.16.1.jar;C:\Users\N ANOOHYA\.m2\repository\org\seleniumhq\selenium\selenium-devtools-v118\4.16.1\selenium-devtools-v118-4.16.1.jar;C:\Users\N ANOOHYA\.m2\repository\org\seleniumhq\selenium\selenium-devtools-v119\4.16.1\selenium-devtools-v119-4.16.1.jar;C:\Users\N ANOOHYA\.m2\repository\org\seleniumhq\selenium\selenium-devtools-v120\4.16.1\selenium-devtools-v120-4.16.1.jar;C:\Users\N ANOOHYA\.m2\repository\org\seleniumhq\selenium\selenium-devtools-v85\4.16.1\selenium-devtools-v85-4.16.1.jar;C:\Users\N ANOOHYA\.m2\repository\org\seleniumhq\selenium\selenium-edge-driver\4.16.1\selenium-edge-driver-4.16.1.jar;C:\Users\N ANOOHYA\.m2\repository\org\seleniumhq\selenium\selenium-firefox-driver\4.16.1\selenium-firefox-driver-4.16.1.jar;C:\Users\N ANOOHYA\.m2\repository\org\seleniumhq\selenium\selenium-http\4.16.1\selenium-http-4.16.1.jar;C:\Users\N ANOOHYA\.m2\repository\dev\failsafe\failsafe\3.3.2\failsafe-3.3.2.jar;C:\Users\N ANOOHYA\.m2\repository\org\seleniumhq\selenium\selenium-ie-driver\4.16.1\selenium-ie-driver-4.16.1.jar;C:\Users\N ANOOHYA\.m2\repository\org\seleniumhq\selenium\selenium-remote-driver\4.16.1\selenium-remote-driver-4.16.1.jar;C:\Users\N ANOOHYA\.m2\repository\com\google\guava\guava\32.1.2-jre\guava-32.1.2-jre.jar;C:\Users\N ANOOHYA\.m2\repository\com\google\guava\failureaccess\1.0.1\failureaccess-1.0.1.jar;C:\Users\N ANOOHYA\.m2\repository\com\google\guava\listenablefuture\9999.0-empty-to-avoid-conflict-with-guava\listenablefuture-9999.0-empty-to-avoid-conflict-with-guava.jar;C:\Users\N ANOOHYA\.m2\repository\com\google\code\findbugs\jsr305\3.0.2\jsr305-3.0.2.jar;C:\Users\N ANOOHYA\.m2\repository\org\checkerframework\checker-qual\3.33.0\checker-qual-3.33.0.jar;C:\Users\N ANOOHYA\.m2\repository\com\google\errorprone\error_prone_annotations\2.18.0\error_prone_annotations-2.18.0.jar;C:\Users\N ANOOHYA\.m2\repository\com\google\j2objc\j2objc-annotations\2.8\j2objc-annotations-2.8.jar;C:\Users\N ANOOHYA\.m2\repository\io\opentelemetry\opentelemetry-api\1.28.0\opentelemetry-api-1.28.0.jar;C:\Users\N ANOOHYA\.m2\repository\io\opentelemetry\opentelemetry-context\1.28.0\opentelemetry-context-1.28.0.jar;C:\Users\N ANOOHYA\.m2\repository\io\opentelemetry\opentelemetry-exporter-logging\1.28.0\opentelemetry-exporter-logging-1.28.0.jar;C:\Users\N ANOOHYA\.m2\repository\io\opentelemetry\opentelemetry-sdk-metrics\1.28.0\opentelemetry-sdk-metrics-1.28.0.jar;C:\Users\N ANOOHYA\.m2\repository\io\opentelemetry\opentelemetry-extension-incubator\1.28.0-alpha\opentelemetry-extension-incubator-1.28.0-alpha.jar;C:\Users\N ANOOHYA\.m2\repository\io\opentelemetry\opentelemetry-sdk-logs\1.28.0\opentelemetry-sdk-logs-1.28.0.jar;C:\Users\N ANOOHYA\.m2\repository\io\opentelemetry\opentelemetry-sdk-common\1.28.0\opentelemetry-sdk-common-1.28.0.jar;C:\Users\N ANOOHYA\.m2\repository\io\opentelemetry\opentelemetry-sdk-extension-autoconfigure-spi\1.28.0\opentelemetry-sdk-extension-autoconfigure-spi-1.28.0.jar;C:\Users\N ANOOHYA\.m2\repository\io\opentelemetry\opentelemetry-sdk-extension-autoconfigure\1.28.0\opentelemetry-sdk-extension-autoconfigure-1.28.0.jar;C:\Users\N ANOOHYA\.m2\repository\io\opentelemetry\opentelemetry-api-events\1.28.0-alpha\opentelemetry-api-events-1.28.0-alpha.jar;C:\Users\N ANOOHYA\.m2\repository\io\opentelemetry\opentelemetry-sdk-trace\1.28.0\opentelemetry-sdk-trace-1.28.0.jar;C:\Users\N ANOOHYA\.m2\repository\io\opentelemetry\opentelemetry-sdk\1.28.0\opentelemetry-sdk-1.28.0.jar;C:\Users\N ANOOHYA\.m2\repository\io\opentelemetry\opentelemetry-semconv\1.28.0-alpha\opentelemetry-semconv-1.28.0-alpha.jar;C:\Users\N ANOOHYA\.m2\repository\net\bytebuddy\byte-buddy\1.14.5\byte-buddy-1.14.5.jar;C:\Users\N ANOOHYA\.m2\repository\org\seleniumhq\selenium\selenium-os\4.16.1\selenium-os-4.16.1.jar;C:\Users\N ANOOHYA\.m2\repository\org\apache\commons\commons-exec\1.3\commons-exec-1.3.jar;C:\Users\N ANOOHYA\.m2\repository\org\seleniumhq\selenium\selenium-safari-driver\4.16.1\selenium-safari-driver-4.16.1.jar;C:\Users\N ANOOHYA\.m2\repository\org\seleniumhq\selenium\selenium-support\4.16.1\selenium-support-4.16.1.jar;C:\Users\N ANOOHYA\.m2\repository\io\cucumber\cucumber-testng\7.15.0\cucumber-testng-7.15.0.jar;C:\Users\N ANOOHYA\.m2\repository\org\testng\testng\7.8.0\testng-7.8.0.jar;C:\Users\N ANOOHYA\.m2\repository\org\slf4j\slf4j-api\1.7.36\slf4j-api-1.7.36.jar;C:\Users\N ANOOHYA\.m2\repository\com\beust\jcommander\1.82\jcommander-1.82.jar;C:\Users\N ANOOHYA\.m2\repository\org\webjars\jquery\3.6.1\jquery-3.6.1.jar;C:\Users\N ANOOHYA\.m2\repository\com\aventstack\extentreports\5.0.9\extentreports-5.0.9.jar;C:\Users\N ANOOHYA\.m2\repository\io\reactivex\rxjava3\rxjava\3.0.4\rxjava-3.0.4.jar;C:\Users\N ANOOHYA\.m2\repository\org\reactivestreams\reactive-streams\1.0.3\reactive-streams-1.0.3.jar;C:\Users\N ANOOHYA\.m2\repository\org\freemarker\freemarker\2.3.30\freemarker-2.3.30.jar;C:\Users\N ANOOHYA\.m2\repository\org\projectlombok\lombok\1.18.12\lombok-1.18.12.jar;C:\Users\N ANOOHYA\.m2\repository\com\google\code\gson\gson\2.8.6\gson-2.8.6.jar;C:\Users\N ANOOHYA\.m2\repository\tech\grasshopper\extentreports-cucumber7-adapter\1.14.0\extentreports-cucumber7-adapter-1.14.0.jar;C:\Users\N ANOOHYA\.m2\repository\tech\grasshopper\extent-pdf-report\2.12.0\extent-pdf-report-2.12.0.jar;C:\Users\N ANOOHYA\.m2\repository\tech\grasshopper\cucumber-pdf-report\2.14.0\cucumber-pdf-report-2.14.0.jar;C:\Users\N ANOOHYA\.m2\repository\org\apache\pdfbox\pdfbox\2.0.26\pdfbox-2.0.26.jar;C:\Users\N ANOOHYA\.m2\repository\org\apache\pdfbox\fontbox\2.0.26\fontbox-2.0.26.jar;C:\Users\N ANOOHYA\.m2\repository\org\knowm\xchart\xchart\3.8.0\xchart-3.8.0.jar;C:\Users\N ANOOHYA\.m2\repository\de\erichseifert\vectorgraphics2d\VectorGraphics2D\0.13\VectorGraphics2D-0.13.jar;C:\Users\N ANOOHYA\.m2\repository\de\rototor\pdfbox\graphics2d\0.30\graphics2d-0.30.jar;C:\Users\N ANOOHYA\.m2\repository\com\madgag\animated-gif-lib\1.4\animated-gif-lib-1.4.jar;C:\Users\N ANOOHYA\.m2\repository\org\yaml\snakeyaml\2.0\snakeyaml-2.0.jar;C:\Users\N ANOOHYA\.m2\repository\tech\grasshopper\table-layout\1.5.1\table-layout-1.5.1.jar;C:\Users\N ANOOHYA\.m2\repository\tech\grasshopper\rest-assured-cucumber-pdf-report\1.5.0\rest-assured-cucumber-pdf-report-1.5.0.jar;C:\Users\N ANOOHYA\.m2\repository\org\jsoup\jsoup\1.15.3\jsoup-1.15.3.jar;C:\Users\N ANOOHYA\.m2\repository\com\aventstack\klov-reporter\5.1.0\klov-reporter-5.1.0.jar;C:\Users\N ANOOHYA\.m2\repository\org\mongodb\mongodb-driver\3.6.4\mongodb-driver-3.6.4.jar;C:\Users\N ANOOHYA\.m2\repository\org\mongodb\mongodb-driver-core\3.6.4\mongodb-driver-core-3.6.4.jar;C:\Users\N ANOOHYA\.m2\repository\org\mongodb\bson\3.6.4\bson-3.6.4.jar;C:\Users\N ANOOHYA\.m2\repository\org\apache\httpcomponents\httpclient\4.5.13\httpclient-4.5.13.jar;C:\Users\N ANOOHYA\.m2\repository\org\apache\httpcomponents\httpcore\4.4.13\httpcore-4.4.13.jar;C:\Users\N ANOOHYA\.m2\repository\commons-logging\commons-logging\1.2\commons-logging-1.2.jar;C:\Users\N ANOOHYA\.m2\repository\commons-codec\commons-codec\1.11\commons-codec-1.11.jar;C:\Users\N ANOOHYA\.m2\repository\org\apache\httpcomponents\httpmime\4.5.13\httpmime-4.5.13.jar;C:\Users\N ANOOHYA\.m2\repository\tech\grasshopper\htmlextentreporter\1.1.0\htmlextentreporter-1.1.0.jar;C:\Users\N ANOOHYA\.m2\repository\tech\grasshopper\extent-excel-report\1.4.0\extent-excel-report-1.4.0.jar;C:\Users\N ANOOHYA\.m2\repository\org\apache\poi\poi\5.2.3\poi-5.2.3.jar;C:\Users\N ANOOHYA\.m2\repository\org\apache\commons\commons-collections4\4.4\commons-collections4-4.4.jar;C:\Users\N ANOOHYA\.m2\repository\org\apache\commons\commons-math3\3.6.1\commons-math3-3.6.1.jar;C:\Users\N ANOOHYA\.m2\repository\commons-io\commons-io\2.11.0\commons-io-2.11.0.jar;C:\Users\N ANOOHYA\.m2\repository\com\zaxxer\SparseBitSet\1.2\SparseBitSet-1.2.jar;C:\Users\N ANOOHYA\.m2\repository\org\apache\logging\log4j\log4j-api\2.18.0\log4j-api-2.18.0.jar;C:\Users\N ANOOHYA\.m2\repository\org\apache\poi\poi-ooxml\5.2.3\poi-ooxml-5.2.3.jar;C:\Users\N ANOOHYA\.m2\repository\org\apache\poi\poi-ooxml-lite\5.2.3\poi-ooxml-lite-5.2.3.jar;C:\Users\N ANOOHYA\.m2\repository\org\apache\xmlbeans\xmlbeans\5.1.1\xmlbeans-5.1.1.jar;C:\Users\N ANOOHYA\.m2\repository\org\apache\commons\commons-compress\1.21\commons-compress-1.21.jar;C:\Users\N ANOOHYA\.m2\repository\com\github\virtuald\curvesapi\1.07\curvesapi-1.07.jar
Launcher Type: SUN_STANDARD

[Global flags]
     intx CICompilerCount                          = 4                                         {product} {ergonomic}
     uint ConcGCThreads                            = 3                                         {product} {ergonomic}
     uint G1ConcRefinementThreads                  = 10                                        {product} {ergonomic}
   size_t G1HeapRegionSize                         = 1048576                                   {product} {ergonomic}
    uintx GCDrainStackTargetSize                   = 64                                        {product} {ergonomic}
   size_t InitialHeapSize                          = 98566144                                  {product} {ergonomic}
   size_t MarkStackSize                            = 4194304                                   {product} {ergonomic}
   size_t MaxHeapSize                              = 1570766848                                {product} {ergonomic}
   size_t MaxNewSize                               = 941621248                                 {product} {ergonomic}
   size_t MinHeapDeltaBytes                        = 1048576                                   {product} {ergonomic}
   size_t MinHeapSize                              = 8388608                                   {product} {ergonomic}
    uintx NonNMethodCodeHeapSize                   = 5839372                                {pd product} {ergonomic}
    uintx NonProfiledCodeHeapSize                  = 122909434                              {pd product} {ergonomic}
    uintx ProfiledCodeHeapSize                     = 122909434                              {pd product} {ergonomic}
    uintx ReservedCodeCacheSize                    = 251658240                              {pd product} {ergonomic}
     bool SegmentedCodeCache                       = true                                      {product} {ergonomic}
     bool ShowCodeDetailsInExceptionMessages       = true                                   {manageable} {command line}
   size_t SoftMaxHeapSize                          = 1570766848                             {manageable} {ergonomic}
     bool UseCompressedClassPointers               = true                           {product lp64_product} {ergonomic}
     bool UseCompressedOops                        = true                           {product lp64_product} {ergonomic}
     bool UseG1GC                                  = true                                      {product} {ergonomic}
     bool UseLargePagesIndividualAllocation        = false                                  {pd product} {ergonomic}

Logging:
Log output configuration:
 #0: stdout all=warning uptime,level,tags foldmultilines=false
 #1: stderr all=off uptime,level,tags foldmultilines=false

Environment Variables:
PATH=C:/Users/N ANOOHYA/.p2/pool/plugins/org.eclipse.justj.openjdk.hotspot.jre.full.win32.x86_64_23.0.1.v20241024-1700/jre/bin/server;C:/Users/N ANOOHYA/.p2/pool/plugins/org.eclipse.justj.openjdk.hotspot.jre.full.win32.x86_64_23.0.1.v20241024-1700/jre/bin;D:\oracle\product\10.2.0\db_1\bin;C:\Program Files\Common Files\Oracle\Java\javapath;C:\WINDOWS\system32;C:\WINDOWS;C:\WINDOWS\System32\Wbem;C:\WINDOWS\System32\WindowsPowerShell\v1.0\;C:\WINDOWS\System32\OpenSSH\;C:\Program Files\Microsoft VS Code\bin;C:\Program Files\Git\cmd;C:\Users\N ANOOHYA\AppData\Local\Microsoft\WindowsApps;;C:\Users\N ANOOHYA\eclipse\java-2024-09\eclipse;
USERNAME=N ANOOHYA
OS=Windows_NT
PROCESSOR_IDENTIFIER=AMD64 Family 23 Model 104 Stepping 1, AuthenticAMD
TMP=C:\Users\NANOOH~1\AppData\Local\Temp
TEMP=C:\Users\NANOOH~1\AppData\Local\Temp




---------------  S Y S T E M  ---------------

OS:
 Windows 11 , 64 bit Build 22621 (10.0.22621.4391)
OS uptime: 0 days 1:59 hours
Hyper-V role detected

CPU: total 12 (initial active 12) (12 cores per cpu, 2 threads per core) family 23 model 104 stepping 1 microcode 0x0, cx8, cmov, fxsr, ht, mmx, 3dnowpref, sse, sse2, sse3, ssse3, sse4a, sse4.1, sse4.2, popcnt, lzcnt, tsc, tscinvbit, avx, avx2, aes, clmul, bmi1, bmi2, adx, sha, fma, vzeroupper, clflush, clflushopt, hv, rdtscp, rdpid, f16c

Memory: 4k page, system-wide physical 5989M (181M free)
TotalPageFile size 24421M (AvailPageFile size 1M)
current process WorkingSet (physical memory assigned to process): 109M, peak: 133M
current process commit charge ("private bytes"): 204M, peak: 233M

vm_info: Java HotSpot(TM) 64-Bit Server VM (20.0.1+9-29) for windows-amd64 JRE (20.0.1+9-29), built on 2023-03-07T13:56:11Z by "mach5one" with MS VC++ 17.1 (VS2022)

END.
