#
# There is insufficient memory for the Java Runtime Environment to continue.
# Native memory allocation (malloc) failed to allocate 74288 bytes for Chunk::new
# Possible reasons:
#   The system is out of physical RAM or swap space
#   The process is running with CompressedOops enabled, and the Java Heap may be blocking the growth of the native heap
# Possible solutions:
#   Reduce memory load on the system
#   Increase physical memory or swap space
#   Check if swap backing store is full
#   Decrease Java heap size (-Xmx/-Xms)
#   Decrease number of Java threads
#   Decrease Java thread stack sizes (-Xss)
#   Set larger code cache with -XX:ReservedCodeCacheSize=
#   JVM is running with Unscaled Compressed Oops mode in which the Java heap is
#     placed in the first 4GB address space. The Java Heap base address is the
#     maximum limit for the native heap growth. Please use -XX:HeapBaseMinAddress
#     to set the Java Heap base and to place the Java Heap above 4GB virtual address.
# This output file may be truncated or incomplete.
#
#  Out of Memory Error (arena.cpp:184), pid=12760, tid=34496
#
# JRE version: Java(TM) SE Runtime Environment (20.0.1+9) (build 20.0.1+9-29)
# Java VM: Java HotSpot(TM) 64-Bit Server VM (20.0.1+9-29, mixed mode, sharing, tiered, compressed oops, compressed class ptrs, g1 gc, windows-amd64)
# No core dump will be written. Minidumps are not enabled by default on client versions of Windows
#

---------------  S U M M A R Y ------------

Command Line: -Dfile.encoding=UTF-8 -Dstdout.encoding=UTF-8 -Dstderr.encoding=UTF-8 -XX:+ShowCodeDetailsInExceptionMessages cucumber.api.cli.Main C:/Users/N ANOOHYA/eclipse-workspace/MagicBricksBuy/src/test/resources/featureData/Search.feature --glue classpath: --plugin pretty --monochrome

Host: AMD Ryzen 5 5500U with Radeon Graphics         , 12 cores, 5G,  Windows 11 , 64 bit Build 22621 (10.0.22621.4391)
Time: Mon Nov 11 17:19:25 2024 India Standard Time elapsed time: 35.606116 seconds (0d 0h 0m 35s)

---------------  T H R E A D  ---------------

Current thread (0x000001b0f5dd19e0):  JavaThread "C2 CompilerThread0" daemon [_thread_in_native, id=34496, stack(0x0000009e67600000,0x0000009e67700000)]


Current CompileTask:
C2:  35606 2448   !   4       java.util.concurrent.ConcurrentHashMap::putVal (432 bytes)

Stack: [0x0000009e67600000,0x0000009e67700000]
Native frames: (J=compiled Java code, j=interpreted, Vv=VM code, C=native code)
V  [jvm.dll+0x6bb95a]
V  [jvm.dll+0x8485fa]
V  [jvm.dll+0x84a1f5]
V  [jvm.dll+0x84a8f3]
V  [jvm.dll+0x280b0f]
V  [jvm.dll+0xc2b11]
V  [jvm.dll+0xc2e35]
V  [jvm.dll+0x3bb17c]
V  [jvm.dll+0x1e68bb]
V  [jvm.dll+0x24b3ab]
V  [jvm.dll+0x24a651]
V  [jvm.dll+0x1ce491]
V  [jvm.dll+0x259e1b]
V  [jvm.dll+0x2584f0]
V  [jvm.dll+0x3f2895]
V  [jvm.dll+0x7f4b56]
V  [jvm.dll+0x6ba5cb]
C  [ucrtbase.dll+0x29333]
C  [KERNEL32.DLL+0x1259d]
C  [ntdll.dll+0x5af38]


---------------  P R O C E S S  ---------------

Threads class SMR info:
_java_thread_list=0x000001b0fb2e1cc0, length=27, elements={
0x000001b0d792e7b0, 0x000001b0f5db9570, 0x000001b0f5dba410, 0x000001b0f5dbc4a0,
0x000001b0f5dbcde0, 0x000001b0f5dbd820, 0x000001b0f5dc5250, 0x000001b0f5dd19e0,
0x000001b0f5df4380, 0x000001b0fa10ed50, 0x000001b0fa1152d0, 0x000001b0faf032b0,
0x000001b0fa8b1ed0, 0x000001b0fb3d1d60, 0x000001b0fb3ced90, 0x000001b0fb3d0d70,
0x000001b0fb3d02d0, 0x000001b0fb3cf2e0, 0x000001b0fb3cfd80, 0x000001b0fb3cf830,
0x000001b0fb3d22b0, 0x000001b0fb3d1810, 0x000001b0fb3d12c0, 0x000001b0fb2e0b90,
0x000001b0fb2debb0, 0x000001b0fb2e00f0, 0x000001b0fb2e10e0
}

Java Threads: ( => current thread )
  0x000001b0d792e7b0 JavaThread "Forwarding maximizeCurrentWindow on session 7e72884d-cc55-4b5f-84e3-d615c72aac76 to remote" [_thread_in_vm, id=34976, stack(0x0000009e66900000,0x0000009e66a00000)]
  0x000001b0f5db9570 JavaThread "Reference Handler" daemon [_thread_blocked, id=36744, stack(0x0000009e67000000,0x0000009e67100000)]
  0x000001b0f5dba410 JavaThread "Finalizer" daemon [_thread_blocked, id=16608, stack(0x0000009e67100000,0x0000009e67200000)]
  0x000001b0f5dbc4a0 JavaThread "Signal Dispatcher" daemon [_thread_blocked, id=36040, stack(0x0000009e67200000,0x0000009e67300000)]
  0x000001b0f5dbcde0 JavaThread "Attach Listener" daemon [_thread_blocked, id=7832, stack(0x0000009e67300000,0x0000009e67400000)]
  0x000001b0f5dbd820 JavaThread "Service Thread" daemon [_thread_blocked, id=34400, stack(0x0000009e67400000,0x0000009e67500000)]
  0x000001b0f5dc5250 JavaThread "Monitor Deflation Thread" daemon [_thread_blocked, id=33208, stack(0x0000009e67500000,0x0000009e67600000)]
=>0x000001b0f5dd19e0 JavaThread "C2 CompilerThread0" daemon [_thread_in_native, id=34496, stack(0x0000009e67600000,0x0000009e67700000)]
  0x000001b0f5df4380 JavaThread "C1 CompilerThread0" daemon [_thread_in_native, id=6516, stack(0x0000009e67700000,0x0000009e67800000)]
  0x000001b0fa10ed50 JavaThread "Notification Thread" daemon [_thread_blocked, id=36292, stack(0x0000009e67800000,0x0000009e67900000)]
  0x000001b0fa1152d0 JavaThread "Common-Cleaner" daemon [_thread_blocked, id=31048, stack(0x0000009e67a00000,0x0000009e67b00000)]
  0x000001b0faf032b0 JavaThread "ForkJoinPool.commonPool-worker-1" daemon [_thread_blocked, id=3500, stack(0x0000009e68400000,0x0000009e68500000)]
  0x000001b0fa8b1ed0 JavaThread "HttpClient-1-SelectorManager" daemon [_thread_in_native, id=22944, stack(0x0000009e68500000,0x0000009e68600000)]
  0x000001b0fb3d1d60 JavaThread "pool-1-thread-1" [_thread_blocked, id=30824, stack(0x0000009e68a00000,0x0000009e68b00000)]
  0x000001b0fb3ced90 JavaThread "pool-1-thread-2" [_thread_blocked, id=12960, stack(0x0000009e68b00000,0x0000009e68c00000)]
  0x000001b0fb3d0d70 JavaThread "pool-1-thread-3" [_thread_blocked, id=36696, stack(0x0000009e68c00000,0x0000009e68d00000)]
  0x000001b0fb3d02d0 JavaThread "HttpClient-2-SelectorManager" daemon [_thread_in_native, id=32388, stack(0x0000009e68600000,0x0000009e68700000)]
  0x000001b0fb3cf2e0 JavaThread "pool-2-thread-1" [_thread_blocked, id=27412, stack(0x0000009e68e00000,0x0000009e68f00000)]
  0x000001b0fb3cfd80 JavaThread "pool-2-thread-2" [_thread_blocked, id=36196, stack(0x0000009e68f00000,0x0000009e69000000)]
  0x000001b0fb3cf830 JavaThread "pool-2-thread-3" [_thread_blocked, id=35020, stack(0x0000009e69000000,0x0000009e69100000)]
  0x000001b0fb3d22b0 JavaThread "HttpClient-3-SelectorManager" daemon [_thread_in_native, id=35168, stack(0x0000009e68700000,0x0000009e68800000)]
  0x000001b0fb3d1810 JavaThread "External Process Output Forwarder - C:\Users\N ANOOHYA\.cache\selenium\geckodriver\win64\0.35.0\geckodriver.exe" [_thread_in_native, id=35672, stack(0x0000009e68800000,0x0000009e68900000)]
  0x000001b0fb3d12c0 JavaThread "Driver Service Executor" daemon [_thread_blocked, id=35680, stack(0x0000009e68d00000,0x0000009e68e00000)]
  0x000001b0fb2e0b90 JavaThread "Driver Service Executor" daemon [_thread_in_native, id=35676, stack(0x0000009e69100000,0x0000009e69200000)]
  0x000001b0fb2debb0 JavaThread "pool-3-thread-1" [_thread_blocked, id=34040, stack(0x0000009e69200000,0x0000009e69300000)]
  0x000001b0fb2e00f0 JavaThread "pool-3-thread-2" [_thread_blocked, id=31788, stack(0x0000009e69300000,0x0000009e69400000)]
  0x000001b0fb2e10e0 JavaThread "pool-3-thread-3" [_thread_in_native, id=29640, stack(0x0000009e69400000,0x0000009e69500000)]

Other Threads:
  0x000001b0f5d99620 VMThread "VM Thread" [stack: 0x0000009e66f00000,0x0000009e67000000] [id=36748]
  0x000001b0fa1116c0 WatcherThread "VM Periodic Task Thread" [stack: 0x0000009e67900000,0x0000009e67a00000] [id=12872]
  0x000001b0d9ba22b0 WorkerThread "GC Thread#0" [stack: 0x0000009e66a00000,0x0000009e66b00000] [id=23952]
  0x000001b0fab2e960 WorkerThread "GC Thread#1" [stack: 0x0000009e67b00000,0x0000009e67c00000] [id=36280]
  0x000001b0fab2f4a0 WorkerThread "GC Thread#2" [stack: 0x0000009e67c00000,0x0000009e67d00000] [id=13572]
  0x000001b0fab2ec30 WorkerThread "GC Thread#3" [stack: 0x0000009e67d00000,0x0000009e67e00000] [id=18212]
  0x000001b0fab2fa40 WorkerThread "GC Thread#4" [stack: 0x0000009e67e00000,0x0000009e67f00000] [id=30760]
  0x000001b0fab2e690 WorkerThread "GC Thread#5" [stack: 0x0000009e67f00000,0x0000009e68000000] [id=35072]
  0x000001b0fab2ffe0 WorkerThread "GC Thread#6" [stack: 0x0000009e68000000,0x0000009e68100000] [id=2468]
  0x000001b0fab302b0 WorkerThread "GC Thread#7" [stack: 0x0000009e68100000,0x0000009e68200000] [id=24940]
  0x000001b0fab2ef00 WorkerThread "GC Thread#8" [stack: 0x0000009e68200000,0x0000009e68300000] [id=13132]
  0x000001b0fab2f1d0 WorkerThread "GC Thread#9" [stack: 0x0000009e68300000,0x0000009e68400000] [id=5608]
  0x000001b0d9baeea0 ConcurrentGCThread "G1 Main Marker" [stack: 0x0000009e66b00000,0x0000009e66c00000] [id=7208]
  0x000001b0d9bb0070 WorkerThread "G1 Conc#0" [stack: 0x0000009e66c00000,0x0000009e66d00000] [id=11296]
  0x000001b0d9bfe4f0 ConcurrentGCThread "G1 Refine#0" [stack: 0x0000009e66d00000,0x0000009e66e00000] [id=772]
  0x000001b0f5c5b110 ConcurrentGCThread "G1 Service" [stack: 0x0000009e66e00000,0x0000009e66f00000] [id=22548]

Threads with active compile tasks:
C2 CompilerThread0    35649 2448   !   4       java.util.concurrent.ConcurrentHashMap::putVal (432 bytes)

VM state: not at safepoint (normal execution)

VM Mutex/Monitor currently owned by a thread: None

Heap address: 0x00000000a2600000, size: 1498 MB, Compressed Oops mode: 32-bit

CDS archive(s) mapped at: [0x0000000800000000-0x0000000800c60000-0x0000000800c60000), size 12976128, SharedBaseAddress: 0x0000000800000000, ArchiveRelocationMode: 0.
Compressed class space mapped at: 0x0000000801000000-0x0000000841000000, reserved size: 1073741824
Narrow klass base: 0x0000000800000000, Narrow klass shift: 0, Narrow klass range: 0x100000000

GC Precious Log:
 CardTable entry size: 512
 Card Set container configuration: InlinePtr #cards 5 size 8 Array Of Cards #cards 12 size 40 Howl #buckets 4 coarsen threshold 1843 Howl Bitmap #cards 512 size 80 coarsen threshold 460 Card regions per heap region 1 cards per card region 2048
 CPUs: 12 total, 12 available
 Memory: 5989M
 Large Page Support: Disabled
 NUMA Support: Disabled
 Compressed Oops: Enabled (32-bit)
 Heap Region Size: 1M
 Heap Min Capacity: 8M
 Heap Initial Capacity: 94M
 Heap Max Capacity: 1498M
 Pre-touch: Disabled
 Parallel Workers: 10
 Concurrent Workers: 3
 Concurrent Refinement Workers: 10
 Periodic GC: Disabled

Heap:
 garbage-first heap   total 96256K, used 23874K [0x00000000a2600000, 0x0000000100000000)
  region size 1024K, 15 young (15360K), 3 survivors (3072K)
 Metaspace       used 16330K, committed 16576K, reserved 1114112K
  class space    used 2080K, committed 2176K, reserved 1048576K

Heap Regions: E=young(eden), S=young(survivor), O=old, HS=humongous(starts), HC=humongous(continues), CS=collection set, F=free, OA=open archive, CA=closed archive, TAMS=top-at-mark-start, PB=parsable bottom
|   0|0x00000000a2600000, 0x00000000a2700000, 0x00000000a2700000|100%| O|  |TAMS 0x00000000a2600000| PB 0x00000000a2600000| Untracked 
|   1|0x00000000a2700000, 0x00000000a2800000, 0x00000000a2800000|100%| O|  |TAMS 0x00000000a2700000| PB 0x00000000a2700000| Untracked 
|   2|0x00000000a2800000, 0x00000000a2900000, 0x00000000a2900000|100%| O|  |TAMS 0x00000000a2800000| PB 0x00000000a2800000| Untracked 
|   3|0x00000000a2900000, 0x00000000a2a00000, 0x00000000a2a00000|100%| O|  |TAMS 0x00000000a2900000| PB 0x00000000a2900000| Untracked 
|   4|0x00000000a2a00000, 0x00000000a2b00000, 0x00000000a2b00000|100%| O|  |TAMS 0x00000000a2a00000| PB 0x00000000a2a00000| Untracked 
|   5|0x00000000a2b00000, 0x00000000a2c00000, 0x00000000a2c00000|100%| O|  |TAMS 0x00000000a2b00000| PB 0x00000000a2b00000| Untracked 
|   6|0x00000000a2c00000, 0x00000000a2d00000, 0x00000000a2d00000|100%| O|  |TAMS 0x00000000a2c00000| PB 0x00000000a2c00000| Untracked 
|   7|0x00000000a2d00000, 0x00000000a2e00000, 0x00000000a2e00000|100%| O|  |TAMS 0x00000000a2d00000| PB 0x00000000a2d00000| Untracked 
|   8|0x00000000a2e00000, 0x00000000a2f00000, 0x00000000a2f00000|100%| O|  |TAMS 0x00000000a2e00000| PB 0x00000000a2e00000| Untracked 
|   9|0x00000000a2f00000, 0x00000000a2f5fe00, 0x00000000a3000000| 37%| O|  |TAMS 0x00000000a2f00000| PB 0x00000000a2f00000| Untracked 
|  10|0x00000000a3000000, 0x00000000a3000000, 0x00000000a3100000|  0%| F|  |TAMS 0x00000000a3000000| PB 0x00000000a3000000| Untracked 
|  11|0x00000000a3100000, 0x00000000a3100000, 0x00000000a3200000|  0%| F|  |TAMS 0x00000000a3100000| PB 0x00000000a3100000| Untracked 
|  12|0x00000000a3200000, 0x00000000a3200000, 0x00000000a3300000|  0%| F|  |TAMS 0x00000000a3200000| PB 0x00000000a3200000| Untracked 
|  13|0x00000000a3300000, 0x00000000a3300000, 0x00000000a3400000|  0%| F|  |TAMS 0x00000000a3300000| PB 0x00000000a3300000| Untracked 
|  14|0x00000000a3400000, 0x00000000a3400000, 0x00000000a3500000|  0%| F|  |TAMS 0x00000000a3400000| PB 0x00000000a3400000| Untracked 
|  15|0x00000000a3500000, 0x00000000a3500000, 0x00000000a3600000|  0%| F|  |TAMS 0x00000000a3500000| PB 0x00000000a3500000| Untracked 
|  16|0x00000000a3600000, 0x00000000a3600000, 0x00000000a3700000|  0%| F|  |TAMS 0x00000000a3600000| PB 0x00000000a3600000| Untracked 
|  17|0x00000000a3700000, 0x00000000a3700000, 0x00000000a3800000|  0%| F|  |TAMS 0x00000000a3700000| PB 0x00000000a3700000| Untracked 
|  18|0x00000000a3800000, 0x00000000a3800000, 0x00000000a3900000|  0%| F|  |TAMS 0x00000000a3800000| PB 0x00000000a3800000| Untracked 
|  19|0x00000000a3900000, 0x00000000a3900000, 0x00000000a3a00000|  0%| F|  |TAMS 0x00000000a3900000| PB 0x00000000a3900000| Untracked 
|  20|0x00000000a3a00000, 0x00000000a3a00000, 0x00000000a3b00000|  0%| F|  |TAMS 0x00000000a3a00000| PB 0x00000000a3a00000| Untracked 
|  21|0x00000000a3b00000, 0x00000000a3b00000, 0x00000000a3c00000|  0%| F|  |TAMS 0x00000000a3b00000| PB 0x00000000a3b00000| Untracked 
|  22|0x00000000a3c00000, 0x00000000a3c00000, 0x00000000a3d00000|  0%| F|  |TAMS 0x00000000a3c00000| PB 0x00000000a3c00000| Untracked 
|  23|0x00000000a3d00000, 0x00000000a3d00000, 0x00000000a3e00000|  0%| F|  |TAMS 0x00000000a3d00000| PB 0x00000000a3d00000| Untracked 
|  24|0x00000000a3e00000, 0x00000000a3e00000, 0x00000000a3f00000|  0%| F|  |TAMS 0x00000000a3e00000| PB 0x00000000a3e00000| Untracked 
|  25|0x00000000a3f00000, 0x00000000a3f00000, 0x00000000a4000000|  0%| F|  |TAMS 0x00000000a3f00000| PB 0x00000000a3f00000| Untracked 
|  26|0x00000000a4000000, 0x00000000a4000000, 0x00000000a4100000|  0%| F|  |TAMS 0x00000000a4000000| PB 0x00000000a4000000| Untracked 
|  27|0x00000000a4100000, 0x00000000a4100000, 0x00000000a4200000|  0%| F|  |TAMS 0x00000000a4100000| PB 0x00000000a4100000| Untracked 
|  28|0x00000000a4200000, 0x00000000a4200000, 0x00000000a4300000|  0%| F|  |TAMS 0x00000000a4200000| PB 0x00000000a4200000| Untracked 
|  29|0x00000000a4300000, 0x00000000a4300000, 0x00000000a4400000|  0%| F|  |TAMS 0x00000000a4300000| PB 0x00000000a4300000| Untracked 
|  30|0x00000000a4400000, 0x00000000a4400000, 0x00000000a4500000|  0%| F|  |TAMS 0x00000000a4400000| PB 0x00000000a4400000| Untracked 
|  31|0x00000000a4500000, 0x00000000a4500000, 0x00000000a4600000|  0%| F|  |TAMS 0x00000000a4500000| PB 0x00000000a4500000| Untracked 
|  32|0x00000000a4600000, 0x00000000a4600000, 0x00000000a4700000|  0%| F|  |TAMS 0x00000000a4600000| PB 0x00000000a4600000| Untracked 
|  33|0x00000000a4700000, 0x00000000a4700000, 0x00000000a4800000|  0%| F|  |TAMS 0x00000000a4700000| PB 0x00000000a4700000| Untracked 
|  34|0x00000000a4800000, 0x00000000a4800000, 0x00000000a4900000|  0%| F|  |TAMS 0x00000000a4800000| PB 0x00000000a4800000| Untracked 
|  35|0x00000000a4900000, 0x00000000a4900000, 0x00000000a4a00000|  0%| F|  |TAMS 0x00000000a4900000| PB 0x00000000a4900000| Untracked 
|  36|0x00000000a4a00000, 0x00000000a4a00000, 0x00000000a4b00000|  0%| F|  |TAMS 0x00000000a4a00000| PB 0x00000000a4a00000| Untracked 
|  37|0x00000000a4b00000, 0x00000000a4b00000, 0x00000000a4c00000|  0%| F|  |TAMS 0x00000000a4b00000| PB 0x00000000a4b00000| Untracked 
|  38|0x00000000a4c00000, 0x00000000a4c00000, 0x00000000a4d00000|  0%| F|  |TAMS 0x00000000a4c00000| PB 0x00000000a4c00000| Untracked 
|  39|0x00000000a4d00000, 0x00000000a4d00000, 0x00000000a4e00000|  0%| F|  |TAMS 0x00000000a4d00000| PB 0x00000000a4d00000| Untracked 
|  40|0x00000000a4e00000, 0x00000000a4e00000, 0x00000000a4f00000|  0%| F|  |TAMS 0x00000000a4e00000| PB 0x00000000a4e00000| Untracked 
|  41|0x00000000a4f00000, 0x00000000a4f00000, 0x00000000a5000000|  0%| F|  |TAMS 0x00000000a4f00000| PB 0x00000000a4f00000| Untracked 
|  42|0x00000000a5000000, 0x00000000a5000000, 0x00000000a5100000|  0%| F|  |TAMS 0x00000000a5000000| PB 0x00000000a5000000| Untracked 
|  43|0x00000000a5100000, 0x00000000a5100000, 0x00000000a5200000|  0%| F|  |TAMS 0x00000000a5100000| PB 0x00000000a5100000| Untracked 
|  44|0x00000000a5200000, 0x00000000a5200000, 0x00000000a5300000|  0%| F|  |TAMS 0x00000000a5200000| PB 0x00000000a5200000| Untracked 
|  45|0x00000000a5300000, 0x00000000a5300000, 0x00000000a5400000|  0%| F|  |TAMS 0x00000000a5300000| PB 0x00000000a5300000| Untracked 
|  46|0x00000000a5400000, 0x00000000a5400000, 0x00000000a5500000|  0%| F|  |TAMS 0x00000000a5400000| PB 0x00000000a5400000| Untracked 
|  47|0x00000000a5500000, 0x00000000a5500000, 0x00000000a5600000|  0%| F|  |TAMS 0x00000000a5500000| PB 0x00000000a5500000| Untracked 
|  48|0x00000000a5600000, 0x00000000a5600000, 0x00000000a5700000|  0%| F|  |TAMS 0x00000000a5600000| PB 0x00000000a5600000| Untracked 
|  49|0x00000000a5700000, 0x00000000a5700000, 0x00000000a5800000|  0%| F|  |TAMS 0x00000000a5700000| PB 0x00000000a5700000| Untracked 
|  50|0x00000000a5800000, 0x00000000a5800000, 0x00000000a5900000|  0%| F|  |TAMS 0x00000000a5800000| PB 0x00000000a5800000| Untracked 
|  51|0x00000000a5900000, 0x00000000a5900000, 0x00000000a5a00000|  0%| F|  |TAMS 0x00000000a5900000| PB 0x00000000a5900000| Untracked 
|  52|0x00000000a5a00000, 0x00000000a5a00000, 0x00000000a5b00000|  0%| F|  |TAMS 0x00000000a5a00000| PB 0x00000000a5a00000| Untracked 
|  53|0x00000000a5b00000, 0x00000000a5b00000, 0x00000000a5c00000|  0%| F|  |TAMS 0x00000000a5b00000| PB 0x00000000a5b00000| Untracked 
|  54|0x00000000a5c00000, 0x00000000a5c00000, 0x00000000a5d00000|  0%| F|  |TAMS 0x00000000a5c00000| PB 0x00000000a5c00000| Untracked 
|  55|0x00000000a5d00000, 0x00000000a5d00000, 0x00000000a5e00000|  0%| F|  |TAMS 0x00000000a5d00000| PB 0x00000000a5d00000| Untracked 
|  56|0x00000000a5e00000, 0x00000000a5e00000, 0x00000000a5f00000|  0%| F|  |TAMS 0x00000000a5e00000| PB 0x00000000a5e00000| Untracked 
|  57|0x00000000a5f00000, 0x00000000a5f00000, 0x00000000a6000000|  0%| F|  |TAMS 0x00000000a5f00000| PB 0x00000000a5f00000| Untracked 
|  58|0x00000000a6000000, 0x00000000a6000000, 0x00000000a6100000|  0%| F|  |TAMS 0x00000000a6000000| PB 0x00000000a6000000| Untracked 
|  59|0x00000000a6100000, 0x00000000a6100000, 0x00000000a6200000|  0%| F|  |TAMS 0x00000000a6100000| PB 0x00000000a6100000| Untracked 
|  60|0x00000000a6200000, 0x00000000a6200000, 0x00000000a6300000|  0%| F|  |TAMS 0x00000000a6200000| PB 0x00000000a6200000| Untracked 
|  61|0x00000000a6300000, 0x00000000a6300000, 0x00000000a6400000|  0%| F|  |TAMS 0x00000000a6300000| PB 0x00000000a6300000| Untracked 
|  62|0x00000000a6400000, 0x00000000a6400000, 0x00000000a6500000|  0%| F|  |TAMS 0x00000000a6400000| PB 0x00000000a6400000| Untracked 
|  63|0x00000000a6500000, 0x00000000a6500000, 0x00000000a6600000|  0%| F|  |TAMS 0x00000000a6500000| PB 0x00000000a6500000| Untracked 
|  64|0x00000000a6600000, 0x00000000a6600000, 0x00000000a6700000|  0%| F|  |TAMS 0x00000000a6600000| PB 0x00000000a6600000| Untracked 
|  65|0x00000000a6700000, 0x00000000a67f0a10, 0x00000000a6800000| 93%| S|CS|TAMS 0x00000000a6700000| PB 0x00000000a6700000| Complete 
|  66|0x00000000a6800000, 0x00000000a6900000, 0x00000000a6900000|100%| S|CS|TAMS 0x00000000a6800000| PB 0x00000000a6800000| Complete 
|  67|0x00000000a6900000, 0x00000000a6a00000, 0x00000000a6a00000|100%| S|CS|TAMS 0x00000000a6900000| PB 0x00000000a6900000| Complete 
|  68|0x00000000a6a00000, 0x00000000a6a00000, 0x00000000a6b00000|  0%| F|  |TAMS 0x00000000a6a00000| PB 0x00000000a6a00000| Untracked 
|  69|0x00000000a6b00000, 0x00000000a6b00000, 0x00000000a6c00000|  0%| F|  |TAMS 0x00000000a6b00000| PB 0x00000000a6b00000| Untracked 
|  70|0x00000000a6c00000, 0x00000000a6c00000, 0x00000000a6d00000|  0%| F|  |TAMS 0x00000000a6c00000| PB 0x00000000a6c00000| Untracked 
|  71|0x00000000a6d00000, 0x00000000a6d00000, 0x00000000a6e00000|  0%| F|  |TAMS 0x00000000a6d00000| PB 0x00000000a6d00000| Untracked 
|  72|0x00000000a6e00000, 0x00000000a6e00000, 0x00000000a6f00000|  0%| F|  |TAMS 0x00000000a6e00000| PB 0x00000000a6e00000| Untracked 
|  73|0x00000000a6f00000, 0x00000000a6f00000, 0x00000000a7000000|  0%| F|  |TAMS 0x00000000a6f00000| PB 0x00000000a6f00000| Untracked 
|  74|0x00000000a7000000, 0x00000000a7000000, 0x00000000a7100000|  0%| F|  |TAMS 0x00000000a7000000| PB 0x00000000a7000000| Untracked 
|  75|0x00000000a7100000, 0x00000000a7100000, 0x00000000a7200000|  0%| F|  |TAMS 0x00000000a7100000| PB 0x00000000a7100000| Untracked 
|  76|0x00000000a7200000, 0x00000000a7200000, 0x00000000a7300000|  0%| F|  |TAMS 0x00000000a7200000| PB 0x00000000a7200000| Untracked 
|  77|0x00000000a7300000, 0x00000000a7300000, 0x00000000a7400000|  0%| F|  |TAMS 0x00000000a7300000| PB 0x00000000a7300000| Untracked 
|  78|0x00000000a7400000, 0x00000000a7400000, 0x00000000a7500000|  0%| F|  |TAMS 0x00000000a7400000| PB 0x00000000a7400000| Untracked 
|  79|0x00000000a7500000, 0x00000000a7500000, 0x00000000a7600000|  0%| F|  |TAMS 0x00000000a7500000| PB 0x00000000a7500000| Untracked 
|  80|0x00000000a7600000, 0x00000000a7600000, 0x00000000a7700000|  0%| F|  |TAMS 0x00000000a7600000| PB 0x00000000a7600000| Untracked 
|  81|0x00000000a7700000, 0x00000000a7700000, 0x00000000a7800000|  0%| F|  |TAMS 0x00000000a7700000| PB 0x00000000a7700000| Untracked 
|  82|0x00000000a7800000, 0x00000000a7900000, 0x00000000a7900000|100%| E|  |TAMS 0x00000000a7800000| PB 0x00000000a7800000| Complete 
|  83|0x00000000a7900000, 0x00000000a7a00000, 0x00000000a7a00000|100%| E|CS|TAMS 0x00000000a7900000| PB 0x00000000a7900000| Complete 
|  84|0x00000000a7a00000, 0x00000000a7b00000, 0x00000000a7b00000|100%| E|CS|TAMS 0x00000000a7a00000| PB 0x00000000a7a00000| Complete 
|  85|0x00000000a7b00000, 0x00000000a7c00000, 0x00000000a7c00000|100%| E|CS|TAMS 0x00000000a7b00000| PB 0x00000000a7b00000| Complete 
|  86|0x00000000a7c00000, 0x00000000a7d00000, 0x00000000a7d00000|100%| E|CS|TAMS 0x00000000a7c00000| PB 0x00000000a7c00000| Complete 
|  87|0x00000000a7d00000, 0x00000000a7e00000, 0x00000000a7e00000|100%| E|CS|TAMS 0x00000000a7d00000| PB 0x00000000a7d00000| Complete 
|  88|0x00000000a7e00000, 0x00000000a7f00000, 0x00000000a7f00000|100%| E|CS|TAMS 0x00000000a7e00000| PB 0x00000000a7e00000| Complete 
|  89|0x00000000a7f00000, 0x00000000a8000000, 0x00000000a8000000|100%| E|CS|TAMS 0x00000000a7f00000| PB 0x00000000a7f00000| Complete 
|  90|0x00000000a8000000, 0x00000000a8100000, 0x00000000a8100000|100%| E|CS|TAMS 0x00000000a8000000| PB 0x00000000a8000000| Complete 
|  91|0x00000000a8100000, 0x00000000a8200000, 0x00000000a8200000|100%| E|CS|TAMS 0x00000000a8100000| PB 0x00000000a8100000| Complete 
|  92|0x00000000a8200000, 0x00000000a8300000, 0x00000000a8300000|100%| E|CS|TAMS 0x00000000a8200000| PB 0x00000000a8200000| Complete 
|  93|0x00000000a8300000, 0x00000000a8400000, 0x00000000a8400000|100%| E|CS|TAMS 0x00000000a8300000| PB 0x00000000a8300000| Complete 

Card table byte_map: [0x000001b0f1430000,0x000001b0f1720000] _byte_map_base: 0x000001b0f0f1d000

Marking Bits: (CMBitMap*) 0x000001b0d9ba28e0
 Bits: [0x000001b0f1a10000, 0x000001b0f3178000)

Polling page: 0x000001b0d7ac0000

Metaspace:

Usage:
  Non-class:     13.92 MB used.
      Class:      2.03 MB used.
       Both:     15.95 MB used.

Virtual space:
  Non-class space:       64.00 MB reserved,      14.06 MB ( 22%) committed,  1 nodes.
      Class space:        1.00 GB reserved,       2.12 MB ( <1%) committed,  1 nodes.
             Both:        1.06 GB reserved,      16.19 MB (  1%) committed. 

Chunk freelists:
   Non-Class:  1.75 MB
       Class:  1.69 MB
        Both:  3.44 MB

MaxMetaspaceSize: unlimited
CompressedClassSpaceSize: 1.00 GB
Initial GC threshold: 21.00 MB
Current GC threshold: 21.00 MB
CDS: on
MetaspaceReclaimPolicy: balanced
 - commit_granule_bytes: 65536.
 - commit_granule_words: 8192.
 - virtual_space_node_default_size: 8388608.
 - enlarge_chunks_in_place: 1.
 - new_chunks_are_fully_committed: 0.
 - uncommit_free_chunks: 1.
 - use_allocation_guard: 0.


Internal statistics:

num_allocs_failed_limit: 0.
num_arena_births: 290.
num_arena_deaths: 0.
num_vsnodes_births: 2.
num_vsnodes_deaths: 0.
num_space_committed: 259.
num_space_uncommitted: 0.
num_chunks_returned_to_freelist: 0.
num_chunks_taken_from_freelist: 754.
num_chunk_merges: 0.
num_chunk_splits: 452.
num_chunks_enlarged: 289.
num_inconsistent_stats: 0.

CodeHeap 'non-profiled nmethods': size=120000Kb used=845Kb max_used=845Kb free=119154Kb
 bounds [0x000001b0e96c0000, 0x000001b0e9930000, 0x000001b0f0bf0000]
CodeHeap 'profiled nmethods': size=120000Kb used=4586Kb max_used=4586Kb free=115413Kb
 bounds [0x000001b0e1bf0000, 0x000001b0e2070000, 0x000001b0e9120000]
CodeHeap 'non-nmethods': size=5760Kb used=1540Kb max_used=1566Kb free=4219Kb
 bounds [0x000001b0e9120000, 0x000001b0e9390000, 0x000001b0e96c0000]
 total_blobs=3032 nmethods=2472 adapters=470
 compilation: enabled
              stopped_count=0, restarted_count=0
 full_count=0

Compilation events (20 events):
Event: 35.586 Thread 0x000001b0f5df4380 2447       1       java.lang.invoke.MethodHandleImpl$AsVarargsCollector::getTarget (5 bytes)
Event: 35.586 Thread 0x000001b0f5df4380 nmethod 2447 0x000001b0e9791f10 code [0x000001b0e9792080, 0x000001b0e9792148]
Event: 35.586 Thread 0x000001b0f5df4380 2449       3       com.google.common.collect.ImmutableList$Builder::add (6 bytes)
Event: 35.586 Thread 0x000001b0f5df4380 nmethod 2449 0x000001b0e2057590 code [0x000001b0e2057720, 0x000001b0e2057858]
Event: 35.586 Thread 0x000001b0f5df4380 2451       3       java.lang.invoke.DirectMethodHandle$Holder::invokeStatic (20 bytes)
Event: 35.586 Thread 0x000001b0f5df4380 nmethod 2451 0x000001b0e2057910 code [0x000001b0e2057ac0, 0x000001b0e2057fd8]
Event: 35.586 Thread 0x000001b0f5df4380 2452       3       com.google.common.base.Splitter$SplittingIterator::computeNext (279 bytes)
Event: 35.587 Thread 0x000001b0f5dd19e0 nmethod 2446 0x000001b0e9792210 code [0x000001b0e9792380, 0x000001b0e9792480]
Event: 35.587 Thread 0x000001b0f5dd19e0 2448   !   4       java.util.concurrent.ConcurrentHashMap::putVal (432 bytes)
Event: 35.588 Thread 0x000001b0f5df4380 nmethod 2452 0x000001b0e2058110 code [0x000001b0e20583e0, 0x000001b0e20596c0]
Event: 35.588 Thread 0x000001b0f5df4380 2453       3       com.google.common.base.Splitter$1$1::separatorEnd (4 bytes)
Event: 35.588 Thread 0x000001b0f5df4380 nmethod 2453 0x000001b0e2059b90 code [0x000001b0e2059d20, 0x000001b0e2059e30]
Event: 35.588 Thread 0x000001b0f5df4380 2454       3       com.google.common.base.AbstractIterator::next (37 bytes)
Event: 35.588 Thread 0x000001b0f5df4380 nmethod 2454 0x000001b0e2059f10 code [0x000001b0e205a0c0, 0x000001b0e205a418]
Event: 35.588 Thread 0x000001b0f5df4380 2455       3       com.google.common.base.NullnessCasts::uncheckedCastNullableTToT (2 bytes)
Event: 35.588 Thread 0x000001b0f5df4380 nmethod 2455 0x000001b0e205a590 code [0x000001b0e205a720, 0x000001b0e205a810]
Event: 35.588 Thread 0x000001b0f5df4380 2450   !   3       java.lang.invoke.BoundMethodHandle$Species_L::copyWithExtendL (31 bytes)
Event: 35.589 Thread 0x000001b0f5df4380 nmethod 2450 0x000001b0e205a890 code [0x000001b0e205aac0, 0x000001b0e205b5b8]
Event: 35.593 Thread 0x000001b0f5df4380 2457       3       com.google.common.collect.ImmutableList$Builder::getReadyToExpandTo (66 bytes)
Event: 35.594 Thread 0x000001b0f5df4380 nmethod 2457 0x000001b0e205b910 code [0x000001b0e205bae0, 0x000001b0e205bf20]

GC Heap History (4 events):
Event: 1.643 GC heap before
{Heap before GC invocations=0 (full 0):
 garbage-first heap   total 96256K, used 22528K [0x00000000a2600000, 0x0000000100000000)
  region size 1024K, 23 young (23552K), 0 survivors (0K)
 Metaspace       used 5261K, committed 5440K, reserved 1114112K
  class space    used 638K, committed 704K, reserved 1048576K
}
Event: 1.657 GC heap after
{Heap after GC invocations=1 (full 0):
 garbage-first heap   total 96256K, used 9561K [0x00000000a2600000, 0x0000000100000000)
  region size 1024K, 3 young (3072K), 3 survivors (3072K)
 Metaspace       used 5261K, committed 5440K, reserved 1114112K
  class space    used 638K, committed 704K, reserved 1048576K
}
Event: 3.499 GC heap before
{Heap before GC invocations=1 (full 0):
 garbage-first heap   total 96256K, used 33113K [0x00000000a2600000, 0x0000000100000000)
  region size 1024K, 26 young (26624K), 3 survivors (3072K)
 Metaspace       used 13936K, committed 14208K, reserved 1114112K
  class space    used 1740K, committed 1856K, reserved 1048576K
}
Event: 3.506 GC heap after
{Heap after GC invocations=2 (full 0):
 garbage-first heap   total 96256K, used 12610K [0x00000000a2600000, 0x0000000100000000)
  region size 1024K, 3 young (3072K), 3 survivors (3072K)
 Metaspace       used 13936K, committed 14208K, reserved 1114112K
  class space    used 1740K, committed 1856K, reserved 1048576K
}

Dll operation events (8 events):
Event: 0.016 Loaded shared library C:\Program Files\Java\jdk-20\bin\java.dll
Event: 0.030 Loaded shared library C:\Program Files\Java\jdk-20\bin\jsvml.dll
Event: 0.292 Loaded shared library C:\Program Files\Java\jdk-20\bin\net.dll
Event: 0.296 Loaded shared library C:\Program Files\Java\jdk-20\bin\nio.dll
Event: 0.307 Loaded shared library C:\Program Files\Java\jdk-20\bin\zip.dll
Event: 0.359 Loaded shared library C:\Program Files\Java\jdk-20\bin\jimage.dll
Event: 1.951 Loaded shared library C:\Program Files\Java\jdk-20\bin\extnet.dll
Event: 3.150 Loaded shared library C:\Program Files\Java\jdk-20\bin\sunmscapi.dll

Deoptimization events (20 events):
Event: 1.843 Thread 0x000001b0d792e7b0 DEOPT PACKING pc=0x000001b0e96d172c sp=0x0000009e669fd6a0
Event: 1.843 Thread 0x000001b0d792e7b0 DEOPT UNPACKING pc=0x000001b0e9189d22 sp=0x0000009e669fd620 mode 2
Event: 1.843 Thread 0x000001b0d792e7b0 Uncommon trap: trap_request=0xffffff45 fr.pc=0x000001b0e96ec108 relative=0x0000000000000188
Event: 1.843 Thread 0x000001b0d792e7b0 Uncommon trap: reason=unstable_if action=reinterpret pc=0x000001b0e96ec108 method=java.lang.String.equals(Ljava/lang/Object;)Z @ 33 c2
Event: 1.843 Thread 0x000001b0d792e7b0 DEOPT PACKING pc=0x000001b0e96ec108 sp=0x0000009e669fd730
Event: 1.843 Thread 0x000001b0d792e7b0 DEOPT UNPACKING pc=0x000001b0e9189d22 sp=0x0000009e669fd6c0 mode 2
Event: 1.919 Thread 0x000001b0d792e7b0 DEOPT PACKING pc=0x000001b0e1c3c227 sp=0x0000009e669fd200
Event: 1.920 Thread 0x000001b0d792e7b0 DEOPT UNPACKING pc=0x000001b0e918a4c2 sp=0x0000009e669fc688 mode 0
Event: 2.804 Thread 0x000001b0d792e7b0 DEOPT PACKING pc=0x000001b0e1eb716e sp=0x0000009e669f91a0
Event: 2.804 Thread 0x000001b0d792e7b0 DEOPT UNPACKING pc=0x000001b0e918a4c2 sp=0x0000009e669f8610 mode 0
Event: 3.157 Thread 0x000001b0d792e7b0 Uncommon trap: trap_request=0xffffff45 fr.pc=0x000001b0e975e92c relative=0x000000000000022c
Event: 3.157 Thread 0x000001b0d792e7b0 Uncommon trap: reason=unstable_if action=reinterpret pc=0x000001b0e975e92c method=java.util.HashMap.putVal(ILjava/lang/Object;Ljava/lang/Object;ZZ)Ljava/lang/Object; @ 162 c2
Event: 3.157 Thread 0x000001b0d792e7b0 DEOPT PACKING pc=0x000001b0e975e92c sp=0x0000009e669fb010
Event: 3.157 Thread 0x000001b0d792e7b0 DEOPT UNPACKING pc=0x000001b0e9189d22 sp=0x0000009e669faf48 mode 2
Event: 3.371 Thread 0x000001b0d792e7b0 Uncommon trap: trap_request=0xffffff45 fr.pc=0x000001b0e97617d0 relative=0x0000000000001510
Event: 3.371 Thread 0x000001b0d792e7b0 Uncommon trap: reason=unstable_if action=reinterpret pc=0x000001b0e97617d0 method=java.util.concurrent.ConcurrentHashMap.transfer([Ljava/util/concurrent/ConcurrentHashMap$Node;[Ljava/util/concurrent/ConcurrentHashMap$Node;)V @ 26 c2
Event: 3.371 Thread 0x000001b0d792e7b0 DEOPT PACKING pc=0x000001b0e97617d0 sp=0x0000009e669fbff0
Event: 3.371 Thread 0x000001b0d792e7b0 DEOPT UNPACKING pc=0x000001b0e9189d22 sp=0x0000009e669fbf60 mode 2
Event: 11.931 Thread 0x000001b0d792e7b0 DEOPT PACKING pc=0x000001b0e1fa98b9 sp=0x0000009e669f7bd0
Event: 11.931 Thread 0x000001b0d792e7b0 DEOPT UNPACKING pc=0x000001b0e918a4c2 sp=0x0000009e669f70e0 mode 0

Classes loaded (20 events):
Event: 11.957 Loading class sun/misc/SharedSecrets
Event: 11.957 Loading class sun/misc/SharedSecrets done
Event: 11.960 Loading class sun/net/ConnectionResetException
Event: 11.960 Loading class sun/net/ConnectionResetException done
Event: 11.963 Loading class java/lang/StackTraceElement$HashedModules
Event: 11.963 Loading class java/lang/StackTraceElement$HashedModules done
Event: 11.965 Loading class java/util/concurrent/ConcurrentHashMap$EntrySpliterator
Event: 11.965 Loading class java/util/concurrent/ConcurrentHashMap$EntrySpliterator done
Event: 11.975 Loading class java/util/TreeMap$EntrySpliterator
Event: 11.975 Loading class java/util/TreeMap$EntrySpliterator done
Event: 11.977 Loading class java/lang/invoke/WrongMethodTypeException
Event: 11.978 Loading class java/lang/invoke/WrongMethodTypeException done
Event: 11.984 Loading class java/lang/Throwable$WrappedPrintWriter
Event: 11.984 Loading class java/lang/Throwable$PrintStreamOrWriter
Event: 11.984 Loading class java/lang/Throwable$PrintStreamOrWriter done
Event: 11.984 Loading class java/lang/Throwable$WrappedPrintWriter done
Event: 11.994 Loading class jdk/internal/reflect/AccessorUtils
Event: 11.994 Loading class jdk/internal/reflect/AccessorUtils done
Event: 19.191 Loading class java/util/LinkedList$DescendingIterator
Event: 19.193 Loading class java/util/LinkedList$DescendingIterator done

Classes unloaded (0 events):
No events

Classes redefined (0 events):
No events

Internal exceptions (20 events):
Event: 3.348 Thread 0x000001b0fb1789c0 Exception <a 'java/net/ConnectException'{0x00000000a71f5ef0}: Connection refused: no further information> (0x00000000a71f5ef0) 
thrown [s\open\src\hotspot\share\prims\jni.cpp, line 538]
Event: 3.388 Thread 0x000001b0d792e7b0 Exception <a 'java/lang/NoSuchMethodError'{0x00000000a70e52d0}: 'java.lang.Object java.lang.invoke.DirectMethodHandle$Holder.newInvokeSpecial(java.lang.Object, java.lang.Object, int, int)'> (0x00000000a70e52d0) 
thrown [s\open\src\hotspot\share\interpreter\linkResolver.cpp, line 773]
Event: 3.389 Thread 0x000001b0d792e7b0 Exception <a 'java/lang/NoSuchMethodError'{0x00000000a70ef7e8}: 'void java.lang.invoke.DirectMethodHandle$Holder.invokeStatic(java.lang.Object, java.lang.Object, int)'> (0x00000000a70ef7e8) 
thrown [s\open\src\hotspot\share\interpreter\linkResolver.cpp, line 773]
Event: 3.519 Thread 0x000001b0d792e7b0 Exception <a 'java/lang/NoSuchMethodError'{0x00000000a83313b8}: 'void java.lang.invoke.DirectMethodHandle$Holder.invokeStatic(java.lang.Object, java.lang.Object, java.lang.Object, java.lang.Object, java.lang.Object, java.lang.Object, java.lang.Object)'> (0x00000000a83313b8) 
thrown [s\open\src\hotspot\share\interpreter\linkResolver.cpp, line 773]
Event: 11.957 Thread 0x000001b0d792e7b0 Exception <a 'java/lang/ClassNotFoundException'{0x00000000a7f84068}: sun/misc/SharedSecrets> (0x00000000a7f84068) 
thrown [s\open\src\hotspot\share\classfile\systemDictionary.cpp, line 305]
Event: 11.960 Thread 0x000001b0fa8b1ed0 Exception <a 'sun/net/ConnectionResetException'{0x00000000a810ecc0}: Connection reset> (0x00000000a810ecc0) 
thrown [s\open\src\hotspot\share\prims\jni.cpp, line 538]
Event: 11.994 Thread 0x000001b0d792e7b0 Exception <a 'java/lang/NullPointerException'{0x00000000a7e6c1c8}> (0x00000000a7e6c1c8) 
thrown [s\open\src\hotspot\share\interpreter\linkResolver.cpp, line 1457]
Event: 12.637 Thread 0x000001b0fb3d1810 Exception <a 'java/net/ConnectException'{0x00000000a7dee7c8}: Connection refused: no further information> (0x00000000a7dee7c8) 
thrown [s\open\src\hotspot\share\prims\jni.cpp, line 538]
Event: 12.638 Thread 0x000001b0fb3d1810 Exception <a 'java/net/ConnectException'{0x00000000a7def030}: Connection refused: no further information> (0x00000000a7def030) 
thrown [s\open\src\hotspot\share\prims\jni.cpp, line 538]
Event: 12.638 Thread 0x000001b0fb3d1810 Exception <a 'java/net/ConnectException'{0x00000000a7def898}: Connection refused: no further information> (0x00000000a7def898) 
thrown [s\open\src\hotspot\share\prims\jni.cpp, line 538]
Event: 12.652 Thread 0x000001b0fb3d1810 Exception <a 'java/net/ConnectException'{0x00000000a7df0100}: Connection refused: no further information> (0x00000000a7df0100) 
thrown [s\open\src\hotspot\share\prims\jni.cpp, line 538]
Event: 19.197 Thread 0x000001b0fb3d02d0 Exception <a 'sun/net/ConnectionResetException'{0x00000000a7da9228}: Connection reset> (0x00000000a7da9228) 
thrown [s\open\src\hotspot\share\prims\jni.cpp, line 538]
Event: 19.291 Thread 0x000001b0d792e7b0 Exception <a 'java/lang/NullPointerException'{0x00000000a7c314a0}> (0x00000000a7c314a0) 
thrown [s\open\src\hotspot\share\interpreter\linkResolver.cpp, line 1457]
Event: 19.738 Thread 0x000001b0fb3d12c0 Exception <a 'java/net/ConnectException'{0x00000000a7be6f80}: Connection refused: no further information> (0x00000000a7be6f80) 
thrown [s\open\src\hotspot\share\prims\jni.cpp, line 538]
Event: 19.756 Thread 0x000001b0fb3d12c0 Exception <a 'java/net/ConnectException'{0x00000000a7be77e8}: Connection refused: no further information> (0x00000000a7be77e8) 
thrown [s\open\src\hotspot\share\prims\jni.cpp, line 538]
Event: 19.757 Thread 0x000001b0fb3d12c0 Exception <a 'java/net/ConnectException'{0x00000000a7be8050}: Connection refused: no further information> (0x00000000a7be8050) 
thrown [s\open\src\hotspot\share\prims\jni.cpp, line 538]
Event: 19.757 Thread 0x000001b0fb3d12c0 Exception <a 'java/net/ConnectException'{0x00000000a7be88b8}: Connection refused: no further information> (0x00000000a7be88b8) 
thrown [s\open\src\hotspot\share\prims\jni.cpp, line 538]
Event: 19.758 Thread 0x000001b0fb3d12c0 Exception <a 'java/net/ConnectException'{0x00000000a7be9120}: Connection refused: no further information> (0x00000000a7be9120) 
thrown [s\open\src\hotspot\share\prims\jni.cpp, line 538]
Event: 19.772 Thread 0x000001b0fb3d12c0 Exception <a 'java/net/ConnectException'{0x00000000a7be9988}: Connection refused: no further information> (0x00000000a7be9988) 
thrown [s\open\src\hotspot\share\prims\jni.cpp, line 538]
Event: 35.555 Thread 0x000001b0d792e7b0 Exception <a 'java/lang/NoSuchMethodError'{0x00000000a7aeb5b8}: 'java.lang.Object java.lang.invoke.DirectMethodHandle$Holder.invokeSpecialIFC(java.lang.Object, java.lang.Object, java.lang.Object)'> (0x00000000a7aeb5b8) 
thrown [s\open\src\hotspot\share\interpreter\linkResolver.cpp, line 773]

VM Operations (20 events):
Event: 2.954 Executing VM operation: Cleanup
Event: 2.955 Executing VM operation: Cleanup done
Event: 3.032 Executing VM operation: HandshakeAllThreads
Event: 3.032 Executing VM operation: HandshakeAllThreads done
Event: 3.498 Executing VM operation: G1CollectForAllocation
Event: 3.506 Executing VM operation: G1CollectForAllocation done
Event: 4.519 Executing VM operation: Cleanup
Event: 4.519 Executing VM operation: Cleanup done
Event: 11.826 Executing VM operation: HandshakeAllThreads
Event: 11.826 Executing VM operation: HandshakeAllThreads done
Event: 11.829 Executing VM operation: HandshakeAllThreads
Event: 11.829 Executing VM operation: HandshakeAllThreads done
Event: 11.829 Executing VM operation: Cleanup
Event: 11.830 Executing VM operation: Cleanup done
Event: 12.840 Executing VM operation: Cleanup
Event: 12.840 Executing VM operation: Cleanup done
Event: 19.909 Executing VM operation: Cleanup
Event: 19.909 Executing VM operation: Cleanup done
Event: 33.020 Executing VM operation: Cleanup
Event: 33.020 Executing VM operation: Cleanup done

Events (20 events):
Event: 12.604 Thread 0x000001b0fb3d1810 Thread exited: 0x000001b0fb3d1810
Event: 12.610 Thread 0x000001b0fb3d02d0 Thread added: 0x000001b0fb3d02d0
Event: 12.617 Thread 0x000001b0fb3d12c0 Thread added: 0x000001b0fb3d12c0
Event: 12.617 Thread 0x000001b0fb3d1810 Thread added: 0x000001b0fb3d1810
Event: 12.617 Thread 0x000001b0fb3d22b0 Thread added: 0x000001b0fb3d22b0
Event: 12.658 Thread 0x000001b0fb3cf2e0 Thread added: 0x000001b0fb3cf2e0
Event: 12.661 Thread 0x000001b0fb3cfd80 Thread added: 0x000001b0fb3cfd80
Event: 12.661 Thread 0x000001b0fb3cf830 Thread added: 0x000001b0fb3cf830
Event: 19.287 Thread 0x000001b0fb3d12c0 Thread exited: 0x000001b0fb3d12c0
Event: 19.287 Thread 0x000001b0fb3d22b0 Thread exited: 0x000001b0fb3d22b0
Event: 19.287 Thread 0x000001b0fb3d1810 Thread exited: 0x000001b0fb3d1810
Event: 19.310 Thread 0x000001b0fb3d12c0 Thread added: 0x000001b0fb3d12c0
Event: 19.725 Thread 0x000001b0fb3d12c0 Thread exited: 0x000001b0fb3d12c0
Event: 19.730 Thread 0x000001b0fb3d22b0 Thread added: 0x000001b0fb3d22b0
Event: 19.737 Thread 0x000001b0fb3d1810 Thread added: 0x000001b0fb3d1810
Event: 19.737 Thread 0x000001b0fb3d12c0 Thread added: 0x000001b0fb3d12c0
Event: 19.737 Thread 0x000001b0fb2e0b90 Thread added: 0x000001b0fb2e0b90
Event: 19.776 Thread 0x000001b0fb2debb0 Thread added: 0x000001b0fb2debb0
Event: 19.778 Thread 0x000001b0fb2e00f0 Thread added: 0x000001b0fb2e00f0
Event: 19.778 Thread 0x000001b0fb2e10e0 Thread added: 0x000001b0fb2e10e0


Dynamic libraries:
0x00007ff7cbaf0000 - 0x00007ff7cbb00000 	C:\Program Files\Java\jdk-20\bin\javaw.exe
0x00007ffb3b3b0000 - 0x00007ffb3b5c7000 	C:\WINDOWS\SYSTEM32\ntdll.dll
0x00007ffb39430000 - 0x00007ffb394f4000 	C:\WINDOWS\System32\KERNEL32.DLL
0x00007ffb386b0000 - 0x00007ffb38a69000 	C:\WINDOWS\System32\KERNELBASE.dll
0x00007ffb38d00000 - 0x00007ffb38e11000 	C:\WINDOWS\System32\ucrtbase.dll
0x00007ffb2adb0000 - 0x00007ffb2adc9000 	C:\Program Files\Java\jdk-20\bin\jli.dll
0x00007ffb2ad90000 - 0x00007ffb2adab000 	C:\Program Files\Java\jdk-20\bin\VCRUNTIME140.dll
0x00007ffb3a950000 - 0x00007ffb3aa02000 	C:\WINDOWS\System32\ADVAPI32.dll
0x00007ffb39500000 - 0x00007ffb395a7000 	C:\WINDOWS\System32\msvcrt.dll
0x00007ffb390d0000 - 0x00007ffb39177000 	C:\WINDOWS\System32\sechost.dll
0x00007ffb38fb0000 - 0x00007ffb38fd8000 	C:\WINDOWS\System32\bcrypt.dll
0x00007ffb3ab00000 - 0x00007ffb3ac14000 	C:\WINDOWS\System32\RPCRT4.dll
0x00007ffb3ae30000 - 0x00007ffb3afde000 	C:\WINDOWS\System32\USER32.dll
0x00007ffb1b4e0000 - 0x00007ffb1b772000 	C:\WINDOWS\WinSxS\amd64_microsoft.windows.common-controls_6595b64144ccf1df_6.0.22621.4391_none_2715d37f73803e96\COMCTL32.dll
0x00007ffb390a0000 - 0x00007ffb390c6000 	C:\WINDOWS\System32\win32u.dll
0x00007ffb3aad0000 - 0x00007ffb3aaf9000 	C:\WINDOWS\System32\GDI32.dll
0x00007ffb38a70000 - 0x00007ffb38b8b000 	C:\WINDOWS\System32\gdi32full.dll
0x00007ffb38e90000 - 0x00007ffb38f2a000 	C:\WINDOWS\System32\msvcp_win.dll
0x00007ffb30be0000 - 0x00007ffb30bea000 	C:\WINDOWS\SYSTEM32\VERSION.dll
0x00007ffb395b0000 - 0x00007ffb395e1000 	C:\WINDOWS\System32\IMM32.DLL
0x00007ffb35140000 - 0x00007ffb3514c000 	C:\Program Files\Java\jdk-20\bin\vcruntime140_1.dll
0x00007ffb2ac70000 - 0x00007ffb2acfe000 	C:\Program Files\Java\jdk-20\bin\msvcp140.dll
0x00007ffac2000000 - 0x00007ffac2c97000 	C:\Program Files\Java\jdk-20\bin\server\jvm.dll
0x00007ffb21fe0000 - 0x00007ffb21fe9000 	C:\WINDOWS\SYSTEM32\WSOCK32.dll
0x00007ffb329f0000 - 0x00007ffb32a24000 	C:\WINDOWS\SYSTEM32\WINMM.dll
0x00007ffb3a810000 - 0x00007ffb3a881000 	C:\WINDOWS\System32\WS2_32.dll
0x00007ffb376c0000 - 0x00007ffb376d8000 	C:\WINDOWS\SYSTEM32\kernel.appcore.dll
0x00007ffb34640000 - 0x00007ffb3464a000 	C:\Program Files\Java\jdk-20\bin\jimage.dll
0x00007ffb36200000 - 0x00007ffb36432000 	C:\WINDOWS\SYSTEM32\DBGHELP.DLL
0x00007ffb3afe0000 - 0x00007ffb3b36f000 	C:\WINDOWS\System32\combase.dll
0x00007ffb395f0000 - 0x00007ffb396c7000 	C:\WINDOWS\System32\OLEAUT32.dll
0x00007ffb25900000 - 0x00007ffb25932000 	C:\WINDOWS\SYSTEM32\dbgcore.DLL
0x00007ffb38f30000 - 0x00007ffb38fab000 	C:\WINDOWS\System32\bcryptPrimitives.dll
0x00007ffb2a3a0000 - 0x00007ffb2a3c6000 	C:\Program Files\Java\jdk-20\bin\java.dll
0x00007ffb29d20000 - 0x00007ffb29df7000 	C:\Program Files\Java\jdk-20\bin\jsvml.dll
0x00007ffb39900000 - 0x00007ffb3a176000 	C:\WINDOWS\System32\SHELL32.dll
0x00007ffb365a0000 - 0x00007ffb36ea3000 	C:\WINDOWS\SYSTEM32\windows.storage.dll
0x00007ffb36460000 - 0x00007ffb3659f000 	C:\WINDOWS\SYSTEM32\wintypes.dll
0x00007ffb396d0000 - 0x00007ffb397c9000 	C:\WINDOWS\System32\SHCORE.dll
0x00007ffb397f0000 - 0x00007ffb3984e000 	C:\WINDOWS\System32\shlwapi.dll
0x00007ffb385e0000 - 0x00007ffb3860b000 	C:\WINDOWS\SYSTEM32\profapi.dll
0x00007ffb2ac50000 - 0x00007ffb2ac63000 	C:\Program Files\Java\jdk-20\bin\net.dll
0x00007ffb336f0000 - 0x00007ffb33826000 	C:\WINDOWS\SYSTEM32\WINHTTP.dll
0x00007ffb37b70000 - 0x00007ffb37bd9000 	C:\WINDOWS\system32\mswsock.dll
0x00007ffb2abc0000 - 0x00007ffb2abd6000 	C:\Program Files\Java\jdk-20\bin\nio.dll
0x00007ffb2a380000 - 0x00007ffb2a398000 	C:\Program Files\Java\jdk-20\bin\zip.dll
0x00007ffb37dc0000 - 0x00007ffb37ddb000 	C:\WINDOWS\SYSTEM32\CRYPTSP.dll
0x00007ffb37620000 - 0x00007ffb37655000 	C:\WINDOWS\system32\rsaenh.dll
0x00007ffb37c60000 - 0x00007ffb37c88000 	C:\WINDOWS\SYSTEM32\USERENV.dll
0x00007ffb37de0000 - 0x00007ffb37dec000 	C:\WINDOWS\SYSTEM32\CRYPTBASE.dll
0x00007ffb37110000 - 0x00007ffb3713d000 	C:\WINDOWS\SYSTEM32\IPHLPAPI.DLL
0x00007ffb3a890000 - 0x00007ffb3a899000 	C:\WINDOWS\System32\NSI.dll
0x00007ffb34410000 - 0x00007ffb34429000 	C:\WINDOWS\SYSTEM32\dhcpcsvc6.DLL
0x00007ffb32530000 - 0x00007ffb3254f000 	C:\WINDOWS\SYSTEM32\dhcpcsvc.DLL
0x00007ffb37180000 - 0x00007ffb37282000 	C:\WINDOWS\SYSTEM32\DNSAPI.dll
0x00007ffb345d0000 - 0x00007ffb345d7000 	C:\Program Files\Java\jdk-20\bin\extnet.dll
0x00007ffb2a640000 - 0x00007ffb2a64a000 	C:\Windows\System32\rasadhlp.dll
0x00007ffb31a40000 - 0x00007ffb31ac3000 	C:\WINDOWS\System32\fwpuclnt.dll
0x00007ffb33560000 - 0x00007ffb3356e000 	C:\Program Files\Java\jdk-20\bin\sunmscapi.dll
0x00007ffb38b90000 - 0x00007ffb38cf6000 	C:\WINDOWS\System32\CRYPT32.dll
0x00007ffb37f80000 - 0x00007ffb37fad000 	C:\WINDOWS\SYSTEM32\ncrypt.dll
0x00007ffb37f40000 - 0x00007ffb37f77000 	C:\WINDOWS\SYSTEM32\NTASN1.dll
0x00007ffb175b0000 - 0x00007ffb175b8000 	C:\WINDOWS\system32\wshunix.dll
0x00007fface090000 - 0x00007fface0a7000 	C:\WINDOWS\system32\napinsp.dll
0x00007fface040000 - 0x00007fface05b000 	C:\WINDOWS\system32\pnrpnsp.dll
0x00007ffab8830000 - 0x00007ffab8841000 	C:\WINDOWS\System32\winrnr.dll
0x00007ffb0ad50000 - 0x00007ffb0ad65000 	C:\WINDOWS\system32\wshbth.dll
0x00007ffaf5b80000 - 0x00007ffaf5ba7000 	C:\WINDOWS\system32\nlansp_c.dll

dbghelp: loaded successfully - version: 4.0.5 - missing functions: none
symbol engine: initialized successfully - sym options: 0x614 - pdb path: .;C:\Program Files\Java\jdk-20\bin;C:\WINDOWS\SYSTEM32;C:\WINDOWS\WinSxS\amd64_microsoft.windows.common-controls_6595b64144ccf1df_6.0.22621.4391_none_2715d37f73803e96;C:\Program Files\Java\jdk-20\bin\server

VM Arguments:
jvm_args: -Dfile.encoding=UTF-8 -Dstdout.encoding=UTF-8 -Dstderr.encoding=UTF-8 -XX:+ShowCodeDetailsInExceptionMessages 
java_command: cucumber.api.cli.Main C:/Users/N ANOOHYA/eclipse-workspace/MagicBricksBuy/src/test/resources/featureData/Search.feature --glue classpath: --plugin pretty --monochrome
java_class_path (initial): C:\Users\N ANOOHYA\eclipse-workspace\MagicBricksBuy\target\classes;C:\Users\N ANOOHYA\eclipse-workspace\MagicBricksBuy\target\test-classes;C:\Users\N ANOOHYA\.m2\repository\io\cucumber\cucumber-core\7.17.0\cucumber-core-7.17.0.jar;C:\Users\N ANOOHYA\.m2\repository\io\cucumber\cucumber-gherkin\7.17.0\cucumber-gherkin-7.17.0.jar;C:\Users\N ANOOHYA\.m2\repository\io\cucumber\cucumber-gherkin-messages\7.17.0\cucumber-gherkin-messages-7.17.0.jar;C:\Users\N ANOOHYA\.m2\repository\io\cucumber\gherkin\28.0.0\gherkin-28.0.0.jar;C:\Users\N ANOOHYA\.m2\repository\io\cucumber\messages\24.1.0\messages-24.1.0.jar;C:\Users\N ANOOHYA\.m2\repository\io\cucumber\testng-xml-formatter\0.1.0\testng-xml-formatter-0.1.0.jar;C:\Users\N ANOOHYA\.m2\repository\io\cucumber\query\12.2.0\query-12.2.0.jar;C:\Users\N ANOOHYA\.m2\repository\io\cucumber\tag-expressions\6.1.0\tag-expressions-6.1.0.jar;C:\Users\N ANOOHYA\.m2\repository\io\cucumber\cucumber-expressions\17.1.0\cucumber-expressions-17.1.0.jar;C:\Users\N ANOOHYA\.m2\repository\io\cucumber\datatable\7.17.0\datatable-7.17.0.jar;C:\Users\N ANOOHYA\.m2\repository\io\cucumber\cucumber-plugin\7.17.0\cucumber-plugin-7.17.0.jar;C:\Users\N ANOOHYA\.m2\repository\io\cucumber\docstring\7.17.0\docstring-7.17.0.jar;C:\Users\N ANOOHYA\.m2\repository\io\cucumber\html-formatter\21.3.1\html-formatter-21.3.1.jar;C:\Users\N ANOOHYA\.m2\repository\io\cucumber\junit-xml-formatter\0.4.0\junit-xml-formatter-0.4.0.jar;C:\Users\N ANOOHYA\.m2\repository\io\cucumber\ci-environment\10.0.1\ci-environment-10.0.1.jar;C:\Users\N ANOOHYA\.m2\repository\org\apiguardian\apiguardian-api\1.1.2\apiguardian-api-1.1.2.jar;C:\Users\N ANOOHYA\.m2\repository\io\cucumber\cucumber-java\7.15.0\cucumber-java-7.15.0.jar;C:\Users\N ANOOHYA\.m2\repository\org\seleniumhq\selenium\selenium-java\4.16.1\selenium-java-4.16.1.jar;C:\Users\N ANOOHYA\.m2\repository\org\seleniumhq\selenium\selenium-api\4.16.1\selenium-api-4.16.1.jar;C:\Users\N ANOOHYA\.m2\repository\org\seleniumhq\selenium\selenium-chrome-driver\4.16.1\selenium-chrome-driver-4.16.1.jar;C:\Users\N ANOOHYA\.m2\repository\com\google\auto\service\auto-service-annotations\1.1.1\auto-service-annotations-1.1.1.jar;C:\Users\N ANOOHYA\.m2\repository\org\seleniumhq\selenium\selenium-chromium-driver\4.16.1\selenium-chromium-driver-4.16.1.jar;C:\Users\N ANOOHYA\.m2\repository\org\seleniumhq\selenium\selenium-json\4.16.1\selenium-json-4.16.1.jar;C:\Users\N ANOOHYA\.m2\repository\org\seleniumhq\selenium\selenium-manager\4.16.1\selenium-manager-4.16.1.jar;C:\Users\N ANOOHYA\.m2\repository\org\seleniumhq\selenium\selenium-devtools-v118\4.16.1\selenium-devtools-v118-4.16.1.jar;C:\Users\N ANOOHYA\.m2\repository\org\seleniumhq\selenium\selenium-devtools-v119\4.16.1\selenium-devtools-v119-4.16.1.jar;C:\Users\N ANOOHYA\.m2\repository\org\seleniumhq\selenium\selenium-devtools-v120\4.16.1\selenium-devtools-v120-4.16.1.jar;C:\Users\N ANOOHYA\.m2\repository\org\seleniumhq\selenium\selenium-devtools-v85\4.16.1\selenium-devtools-v85-4.16.1.jar;C:\Users\N ANOOHYA\.m2\repository\org\seleniumhq\selenium\selenium-edge-driver\4.16.1\selenium-edge-driver-4.16.1.jar;C:\Users\N ANOOHYA\.m2\repository\org\seleniumhq\selenium\selenium-firefox-driver\4.16.1\selenium-firefox-driver-4.16.1.jar;C:\Users\N ANOOHYA\.m2\repository\org\seleniumhq\selenium\selenium-http\4.16.1\selenium-http-4.16.1.jar;C:\Users\N ANOOHYA\.m2\repository\dev\failsafe\failsafe\3.3.2\failsafe-3.3.2.jar;C:\Users\N ANOOHYA\.m2\repository\org\seleniumhq\selenium\selenium-ie-driver\4.16.1\selenium-ie-driver-4.16.1.jar;C:\Users\N ANOOHYA\.m2\repository\org\seleniumhq\selenium\selenium-remote-driver\4.16.1\selenium-remote-driver-4.16.1.jar;C:\Users\N ANOOHYA\.m2\repository\com\google\guava\guava\32.1.2-jre\guava-32.1.2-jre.jar;C:\Users\N ANOOHYA\.m2\repository\com\google\guava\failureaccess\1.0.1\failureaccess-1.0.1.jar;C:\Users\N ANOOHYA\.m2\repository\com\google\guava\listenablefuture\9999.0-empty-to-avoid-conflict-with-guava\listenablefuture-9999.0-empty-to-avoid-conflict-with-guava.jar;C:\Users\N ANOOHYA\.m2\repository\com\google\code\findbugs\jsr305\3.0.2\jsr305-3.0.2.jar;C:\Users\N ANOOHYA\.m2\repository\org\checkerframework\checker-qual\3.33.0\checker-qual-3.33.0.jar;C:\Users\N ANOOHYA\.m2\repository\com\google\errorprone\error_prone_annotations\2.18.0\error_prone_annotations-2.18.0.jar;C:\Users\N ANOOHYA\.m2\repository\com\google\j2objc\j2objc-annotations\2.8\j2objc-annotations-2.8.jar;C:\Users\N ANOOHYA\.m2\repository\io\opentelemetry\opentelemetry-api\1.28.0\opentelemetry-api-1.28.0.jar;C:\Users\N ANOOHYA\.m2\repository\io\opentelemetry\opentelemetry-context\1.28.0\opentelemetry-context-1.28.0.jar;C:\Users\N ANOOHYA\.m2\repository\io\opentelemetry\opentelemetry-exporter-logging\1.28.0\opentelemetry-exporter-logging-1.28.0.jar;C:\Users\N ANOOHYA\.m2\repository\io\opentelemetry\opentelemetry-sdk-metrics\1.28.0\opentelemetry-sdk-metrics-1.28.0.jar;C:\Users\N ANOOHYA\.m2\repository\io\opentelemetry\opentelemetry-extension-incubator\1.28.0-alpha\opentelemetry-extension-incubator-1.28.0-alpha.jar;C:\Users\N ANOOHYA\.m2\repository\io\opentelemetry\opentelemetry-sdk-logs\1.28.0\opentelemetry-sdk-logs-1.28.0.jar;C:\Users\N ANOOHYA\.m2\repository\io\opentelemetry\opentelemetry-sdk-common\1.28.0\opentelemetry-sdk-common-1.28.0.jar;C:\Users\N ANOOHYA\.m2\repository\io\opentelemetry\opentelemetry-sdk-extension-autoconfigure-spi\1.28.0\opentelemetry-sdk-extension-autoconfigure-spi-1.28.0.jar;C:\Users\N ANOOHYA\.m2\repository\io\opentelemetry\opentelemetry-sdk-extension-autoconfigure\1.28.0\opentelemetry-sdk-extension-autoconfigure-1.28.0.jar;C:\Users\N ANOOHYA\.m2\repository\io\opentelemetry\opentelemetry-api-events\1.28.0-alpha\opentelemetry-api-events-1.28.0-alpha.jar;C:\Users\N ANOOHYA\.m2\repository\io\opentelemetry\opentelemetry-sdk-trace\1.28.0\opentelemetry-sdk-trace-1.28.0.jar;C:\Users\N ANOOHYA\.m2\repository\io\opentelemetry\opentelemetry-sdk\1.28.0\opentelemetry-sdk-1.28.0.jar;C:\Users\N ANOOHYA\.m2\repository\io\opentelemetry\opentelemetry-semconv\1.28.0-alpha\opentelemetry-semconv-1.28.0-alpha.jar;C:\Users\N ANOOHYA\.m2\repository\net\bytebuddy\byte-buddy\1.14.5\byte-buddy-1.14.5.jar;C:\Users\N ANOOHYA\.m2\repository\org\seleniumhq\selenium\selenium-os\4.16.1\selenium-os-4.16.1.jar;C:\Users\N ANOOHYA\.m2\repository\org\apache\commons\commons-exec\1.3\commons-exec-1.3.jar;C:\Users\N ANOOHYA\.m2\repository\org\seleniumhq\selenium\selenium-safari-driver\4.16.1\selenium-safari-driver-4.16.1.jar;C:\Users\N ANOOHYA\.m2\repository\org\seleniumhq\selenium\selenium-support\4.16.1\selenium-support-4.16.1.jar;C:\Users\N ANOOHYA\.m2\repository\io\cucumber\cucumber-testng\7.15.0\cucumber-testng-7.15.0.jar;C:\Users\N ANOOHYA\.m2\repository\org\testng\testng\7.8.0\testng-7.8.0.jar;C:\Users\N ANOOHYA\.m2\repository\org\slf4j\slf4j-api\1.7.36\slf4j-api-1.7.36.jar;C:\Users\N ANOOHYA\.m2\repository\com\beust\jcommander\1.82\jcommander-1.82.jar;C:\Users\N ANOOHYA\.m2\repository\org\webjars\jquery\3.6.1\jquery-3.6.1.jar;C:\Users\N ANOOHYA\.m2\repository\com\aventstack\extentreports\5.0.9\extentreports-5.0.9.jar;C:\Users\N ANOOHYA\.m2\repository\io\reactivex\rxjava3\rxjava\3.0.4\rxjava-3.0.4.jar;C:\Users\N ANOOHYA\.m2\repository\org\reactivestreams\reactive-streams\1.0.3\reactive-streams-1.0.3.jar;C:\Users\N ANOOHYA\.m2\repository\org\freemarker\freemarker\2.3.30\freemarker-2.3.30.jar;C:\Users\N ANOOHYA\.m2\repository\org\projectlombok\lombok\1.18.12\lombok-1.18.12.jar;C:\Users\N ANOOHYA\.m2\repository\com\google\code\gson\gson\2.8.6\gson-2.8.6.jar;C:\Users\N ANOOHYA\.m2\repository\tech\grasshopper\extentreports-cucumber7-adapter\1.14.0\extentreports-cucumber7-adapter-1.14.0.jar;C:\Users\N ANOOHYA\.m2\repository\tech\grasshopper\extent-pdf-report\2.12.0\extent-pdf-report-2.12.0.jar;C:\Users\N ANOOHYA\.m2\repository\tech\grasshopper\cucumber-pdf-report\2.14.0\cucumber-pdf-report-2.14.0.jar;C:\Users\N ANOOHYA\.m2\repository\org\apache\pdfbox\pdfbox\2.0.26\pdfbox-2.0.26.jar;C:\Users\N ANOOHYA\.m2\repository\org\apache\pdfbox\fontbox\2.0.26\fontbox-2.0.26.jar;C:\Users\N ANOOHYA\.m2\repository\org\knowm\xchart\xchart\3.8.0\xchart-3.8.0.jar;C:\Users\N ANOOHYA\.m2\repository\de\erichseifert\vectorgraphics2d\VectorGraphics2D\0.13\VectorGraphics2D-0.13.jar;C:\Users\N ANOOHYA\.m2\repository\de\rototor\pdfbox\graphics2d\0.30\graphics2d-0.30.jar;C:\Users\N ANOOHYA\.m2\repository\com\madgag\animated-gif-lib\1.4\animated-gif-lib-1.4.jar;C:\Users\N ANOOHYA\.m2\repository\org\yaml\snakeyaml\2.0\snakeyaml-2.0.jar;C:\Users\N ANOOHYA\.m2\repository\tech\grasshopper\table-layout\1.5.1\table-layout-1.5.1.jar;C:\Users\N ANOOHYA\.m2\repository\tech\grasshopper\rest-assured-cucumber-pdf-report\1.5.0\rest-assured-cucumber-pdf-report-1.5.0.jar;C:\Users\N ANOOHYA\.m2\repository\org\jsoup\jsoup\1.15.3\jsoup-1.15.3.jar;C:\Users\N ANOOHYA\.m2\repository\com\aventstack\klov-reporter\5.1.0\klov-reporter-5.1.0.jar;C:\Users\N ANOOHYA\.m2\repository\org\mongodb\mongodb-driver\3.6.4\mongodb-driver-3.6.4.jar;C:\Users\N ANOOHYA\.m2\repository\org\mongodb\mongodb-driver-core\3.6.4\mongodb-driver-core-3.6.4.jar;C:\Users\N ANOOHYA\.m2\repository\org\mongodb\bson\3.6.4\bson-3.6.4.jar;C:\Users\N ANOOHYA\.m2\repository\org\apache\httpcomponents\httpclient\4.5.13\httpclient-4.5.13.jar;C:\Users\N ANOOHYA\.m2\repository\org\apache\httpcomponents\httpcore\4.4.13\httpcore-4.4.13.jar;C:\Users\N ANOOHYA\.m2\repository\commons-logging\commons-logging\1.2\commons-logging-1.2.jar;C:\Users\N ANOOHYA\.m2\repository\commons-codec\commons-codec\1.11\commons-codec-1.11.jar;C:\Users\N ANOOHYA\.m2\repository\org\apache\httpcomponents\httpmime\4.5.13\httpmime-4.5.13.jar;C:\Users\N ANOOHYA\.m2\repository\tech\grasshopper\htmlextentreporter\1.1.0\htmlextentreporter-1.1.0.jar;C:\Users\N ANOOHYA\.m2\repository\tech\grasshopper\extent-excel-report\1.4.0\extent-excel-report-1.4.0.jar;C:\Users\N ANOOHYA\.m2\repository\org\apache\poi\poi\5.2.3\poi-5.2.3.jar;C:\Users\N ANOOHYA\.m2\repository\org\apache\commons\commons-collections4\4.4\commons-collections4-4.4.jar;C:\Users\N ANOOHYA\.m2\repository\org\apache\commons\commons-math3\3.6.1\commons-math3-3.6.1.jar;C:\Users\N ANOOHYA\.m2\repository\commons-io\commons-io\2.11.0\commons-io-2.11.0.jar;C:\Users\N ANOOHYA\.m2\repository\com\zaxxer\SparseBitSet\1.2\SparseBitSet-1.2.jar;C:\Users\N ANOOHYA\.m2\repository\org\apache\logging\log4j\log4j-api\2.18.0\log4j-api-2.18.0.jar;C:\Users\N ANOOHYA\.m2\repository\org\apache\poi\poi-ooxml\5.2.3\poi-ooxml-5.2.3.jar;C:\Users\N ANOOHYA\.m2\repository\org\apache\poi\poi-ooxml-lite\5.2.3\poi-ooxml-lite-5.2.3.jar;C:\Users\N ANOOHYA\.m2\repository\org\apache\xmlbeans\xmlbeans\5.1.1\xmlbeans-5.1.1.jar;C:\Users\N ANOOHYA\.m2\repository\org\apache\commons\commons-compress\1.21\commons-compress-1.21.jar;C:\Users\N ANOOHYA\.m2\repository\com\github\virtuald\curvesapi\1.07\curvesapi-1.07.jar
Launcher Type: SUN_STANDARD

[Global flags]
     intx CICompilerCount                          = 4                                         {product} {ergonomic}
     uint ConcGCThreads                            = 3                                         {product} {ergonomic}
     uint G1ConcRefinementThreads                  = 10                                        {product} {ergonomic}
   size_t G1HeapRegionSize                         = 1048576                                   {product} {ergonomic}
    uintx GCDrainStackTargetSize                   = 64                                        {product} {ergonomic}
   size_t InitialHeapSize                          = 98566144                                  {product} {ergonomic}
   size_t MarkStackSize                            = 4194304                                   {product} {ergonomic}
   size_t MaxHeapSize                              = 1570766848                                {product} {ergonomic}
   size_t MaxNewSize                               = 941621248                                 {product} {ergonomic}
   size_t MinHeapDeltaBytes                        = 1048576                                   {product} {ergonomic}
   size_t MinHeapSize                              = 8388608                                   {product} {ergonomic}
    uintx NonNMethodCodeHeapSize                   = 5839372                                {pd product} {ergonomic}
    uintx NonProfiledCodeHeapSize                  = 122909434                              {pd product} {ergonomic}
    uintx ProfiledCodeHeapSize                     = 122909434                              {pd product} {ergonomic}
    uintx ReservedCodeCacheSize                    = 251658240                              {pd product} {ergonomic}
     bool SegmentedCodeCache                       = true                                      {product} {ergonomic}
     bool ShowCodeDetailsInExceptionMessages       = true                                   {manageable} {command line}
   size_t SoftMaxHeapSize                          = 1570766848                             {manageable} {ergonomic}
     bool UseCompressedClassPointers               = true                           {product lp64_product} {ergonomic}
     bool UseCompressedOops                        = true                           {product lp64_product} {ergonomic}
     bool UseG1GC                                  = true                                      {product} {ergonomic}
     bool UseLargePagesIndividualAllocation        = false                                  {pd product} {ergonomic}

Logging:
Log output configuration:
 #0: stdout all=warning uptime,level,tags foldmultilines=false
 #1: stderr all=off uptime,level,tags foldmultilines=false

Environment Variables:
PATH=C:/Users/N ANOOHYA/.p2/pool/plugins/org.eclipse.justj.openjdk.hotspot.jre.full.win32.x86_64_23.0.1.v20241024-1700/jre/bin/server;C:/Users/N ANOOHYA/.p2/pool/plugins/org.eclipse.justj.openjdk.hotspot.jre.full.win32.x86_64_23.0.1.v20241024-1700/jre/bin;D:\oracle\product\10.2.0\db_1\bin;C:\Program Files\Common Files\Oracle\Java\javapath;C:\WINDOWS\system32;C:\WINDOWS;C:\WINDOWS\System32\Wbem;C:\WINDOWS\System32\WindowsPowerShell\v1.0\;C:\WINDOWS\System32\OpenSSH\;C:\Program Files\Microsoft VS Code\bin;C:\Program Files\Git\cmd;C:\Users\N ANOOHYA\AppData\Local\Microsoft\WindowsApps;;C:\Users\N ANOOHYA\eclipse\java-2024-09\eclipse;
USERNAME=N ANOOHYA
OS=Windows_NT
PROCESSOR_IDENTIFIER=AMD64 Family 23 Model 104 Stepping 1, AuthenticAMD
TMP=C:\Users\NANOOH~1\AppData\Local\Temp
TEMP=C:\Users\NANOOH~1\AppData\Local\Temp




---------------  S Y S T E M  ---------------

OS:
 Windows 11 , 64 bit Build 22621 (10.0.22621.4391)
OS uptime: 1 days 4:51 hours
Hyper-V role detected

CPU: total 12 (initial active 12) (12 cores per cpu, 2 threads per core) family 23 model 104 stepping 1 microcode 0x0, cx8, cmov, fxsr, ht, mmx, 3dnowpref, sse, sse2, sse3, ssse3, sse4a, sse4.1, sse4.2, popcnt, lzcnt, tsc, tscinvbit, avx, avx2, aes, clmul, bmi1, bmi2, adx, sha, fma, vzeroupper, clflush, clflushopt, hv, rdtscp, rdpid, f16c

Memory: 4k page, system-wide physical 5989M (276M free)
TotalPageFile size 24421M (AvailPageFile size 129M)
current process WorkingSet (physical memory assigned to process): 111M, peak: 118M
current process commit charge ("private bytes"): 212M, peak: 220M

vm_info: Java HotSpot(TM) 64-Bit Server VM (20.0.1+9-29) for windows-amd64 JRE (20.0.1+9-29), built on 2023-03-07T13:56:11Z by "mach5one" with MS VC++ 17.1 (VS2022)

END.
